c:\users\stlele1\desktop\projects\hge project\hge project\release\game.pch
c:\users\stlele1\desktop\projects\hge project\hge project\release\vc120.pdb
c:\users\stlele1\desktop\projects\hge project\hge project\release\stdafx.obj
c:\users\stlele1\desktop\projects\hge project\hge project\release\spriterendercommand.obj
c:\users\stlele1\desktop\projects\hge project\hge project\release\rendercommand.obj
c:\users\stlele1\desktop\projects\hge project\hge project\release\fontrendercommand.obj
c:\users\stlele1\desktop\projects\hge project\hge project\release\guimanager.obj
c:\users\stlele1\desktop\projects\hge project\hge project\release\button.obj
c:\users\stlele1\desktop\projects\hge project\hge project\release\audiosystem.obj
c:\users\stlele1\desktop\projects\hge project\hge project\release\triggermanager.obj
c:\users\stlele1\desktop\projects\hge project\hge project\release\resourcemanager.obj
c:\users\stlele1\desktop\projects\hge project\hge project\release\rendermanager.obj
c:\users\stlele1\desktop\projects\hge project\hge project\release\renderer.obj
c:\users\stlele1\desktop\projects\hge project\hge project\release\player.obj
c:\users\stlele1\desktop\projects\hge project\hge project\release\megaton.obj
c:\users\stlele1\desktop\projects\hge project\hge project\release\mainmenu.obj
c:\users\stlele1\desktop\projects\hge project\hge project\release\main.obj
c:\users\stlele1\desktop\projects\hge project\hge project\release\inputmouse.obj
c:\users\stlele1\desktop\projects\hge project\hge project\release\inputmanager.obj
c:\users\stlele1\desktop\projects\hge project\hge project\release\gamestate.obj
c:\users\stlele1\desktop\projects\hge project\hge project\release\gameobjectmanager.obj
c:\users\stlele1\desktop\projects\hge project\hge project\release\gameobject.obj
c:\users\stlele1\desktop\projects\hge project\hge project\release\gameloop.obj
c:\users\stlele1\desktop\projects\hge project\hge project\release\game.obj
c:\users\stlele1\desktop\projects\hge project\hge project\release\stream.obj
c:\users\stlele1\desktop\projects\hge project\hge project\release\soundbase.obj
c:\users\stlele1\desktop\projects\hge project\hge project\release\sound.obj
c:\users\grimzipp\desktop\hge project\hge project\release\game.pch
c:\users\grimzipp\desktop\hge project\hge project\release\vc120.pdb
c:\users\grimzipp\desktop\hge project\hge project\release\stdafx.obj
c:\users\grimzipp\desktop\hge project\hge project\release\spriterendercommand.obj
c:\users\grimzipp\desktop\hge project\hge project\release\renderer.obj
c:\users\grimzipp\desktop\hge project\hge project\release\rendercommand.obj
c:\users\grimzipp\desktop\hge project\hge project\release\fontrendercommand.obj
c:\users\grimzipp\desktop\hge project\hge project\release\guimanager.obj
c:\users\grimzipp\desktop\hge project\hge project\release\button.obj
c:\users\grimzipp\desktop\hge project\hge project\release\audiosystem.obj
c:\users\grimzipp\desktop\hge project\hge project\release\triggermanager.obj
c:\users\grimzipp\desktop\hge project\hge project\release\resourcemanager.obj
c:\users\grimzipp\desktop\hge project\hge project\release\rendermanager.obj
c:\users\grimzipp\desktop\hge project\hge project\release\player.obj
c:\users\grimzipp\desktop\hge project\hge project\release\megaton.obj
c:\users\grimzipp\desktop\hge project\hge project\release\mainmenu.obj
c:\users\grimzipp\desktop\hge project\hge project\release\main.obj
c:\users\grimzipp\desktop\hge project\hge project\release\inputmouse.obj
c:\users\grimzipp\desktop\hge project\hge project\release\inputmanager.obj
c:\users\grimzipp\desktop\hge project\hge project\release\gamestate.obj
c:\users\grimzipp\desktop\hge project\hge project\release\gameobjectmanager.obj
c:\users\grimzipp\desktop\hge project\hge project\release\gameobject.obj
c:\users\grimzipp\desktop\hge project\hge project\release\gameloop.obj
c:\users\grimzipp\desktop\hge project\hge project\release\game.obj
c:\users\grimzipp\desktop\hge project\hge project\release\stream.obj
c:\users\grimzipp\desktop\hge project\hge project\release\soundbase.obj
c:\users\grimzipp\desktop\hge project\hge project\release\sound.obj
c:\users\stlele1\desktop\projects\hge project\workdir\game.exe
c:\users\stlele1\desktop\projects\hge project\workdir\game.pdb
c:\users\grimzipp\desktop\hge project\workdir\game.exe
c:\users\grimzipp\desktop\hge project\workdir\game.pdb
c:\users\grimzipp\desktop\hge project\hge project\release\hge project.vcxprojresolveassemblyreference.cache
c:\users\grimzipp\desktop\hge project\hge project\../workdir/game.exe
c:\users\grimzipp\desktop\hge project\hge project\release\hge project.tlog\cl.command.1.tlog
c:\users\grimzipp\desktop\hge project\hge project\release\hge project.tlog\cl.read.1.tlog
c:\users\grimzipp\desktop\hge project\hge project\release\hge project.tlog\cl.write.1.tlog
c:\users\grimzipp\desktop\hge project\hge project\release\hge project.tlog\link.command.1.tlog
c:\users\grimzipp\desktop\hge project\hge project\release\hge project.tlog\link.read.1.tlog
c:\users\grimzipp\desktop\hge project\hge project\release\hge project.tlog\link.write.1.tlog
