Build started 11/04/15 14:02:26.
     1>Project "C:\Users\V\Desktop\HGE Project\HGE Project\HGE Project\HGE Project.vcxproj" on node 2 (Build target(s)).
     1>ClCompile:
         C:\Program Files (x86)\Microsoft Visual Studio 12.0\VC\bin\CL.exe /c /I../ /Zi /nologo /W4 /WX- /sdl /O2 /Oi /Oy- /GL /D WIN32 /D NDEBUG /D _CONSOLE /D _LIB /D _UNICODE /D UNICODE /Gm- /EHsc /MD /GS /Gy /fp:precise /Zc:wchar_t /Zc:forScope /Yc"stdafx.h" /Fp"Release\Game.pch" /Fo"Release\\" /Fd"Release\vc120.pdb" /Gd /TP /analyze- /errorReport:prompt stdafx.cpp
         stdafx.cpp
         C:\Program Files (x86)\Microsoft Visual Studio 12.0\VC\bin\CL.exe /c /I../ /Zi /nologo /W4 /WX- /sdl /O2 /Oi /Oy- /GL /D WIN32 /D NDEBUG /D _CONSOLE /D _LIB /D _UNICODE /D UNICODE /Gm- /EHsc /MD /GS /Gy /fp:precise /Zc:wchar_t /Zc:forScope /Fo"Release\\" /Fd"Release\vc120.pdb" /Gd /TP /analyze- /errorReport:prompt AudioSystem\AudioSystem.cpp GUI\Button.cpp GUI\GUIManager.cpp Renderer\FontRenderCommand.cpp Renderer\RenderCommand.cpp Renderer\Renderer.cpp Renderer\SpriteRenderCommand.cpp
         AudioSystem.cpp
         Button.cpp
         GUIManager.cpp
         FontRenderCommand.cpp
         RenderCommand.cpp
         Renderer.cpp
         SpriteRenderCommand.cpp
         C:\Program Files (x86)\Microsoft Visual Studio 12.0\VC\bin\CL.exe /c /I../ /Zi /nologo /W4 /WX- /sdl /O2 /Oi /Oy- /GL /D WIN32 /D NDEBUG /D _CONSOLE /D _LIB /D _UNICODE /D UNICODE /Gm- /EHsc /MD /GS /Gy /fp:precise /Zc:wchar_t /Zc:forScope /Yu"stdafx.h" /Fp"Release\Game.pch" /Fo"Release\\" /Fd"Release\vc120.pdb" /Gd /TP /analyze- /errorReport:prompt AudioSystem\Sound.cpp AudioSystem\SoundBase.cpp AudioSystem\Stream.cpp Game.cpp GameLoop.cpp GameObject.cpp GameObjectManager.cpp GameState.cpp InputManager.cpp InputMouse.cpp Line.cpp Main.cpp MainMenu.cpp Megaton.cpp Player.cpp Renderer\RenderManager.cpp ResourceManager.cpp TriggerSystem\TriggerManager.cpp
         Sound.cpp
         SoundBase.cpp
         Stream.cpp
         Game.cpp
     1>Game.cpp(58): warning C4100: 'aTrigger' : unreferenced formal parameter
     1>Game.cpp(58): warning C4100: 'aTriggerType' : unreferenced formal parameter
     1>Game.cpp(67): warning C4244: 'argument' : conversion from 'int' to 'const short', possible loss of data
         GameLoop.cpp
         GameObject.cpp
         GameObjectManager.cpp
         GameState.cpp
         InputManager.cpp
         InputMouse.cpp
         Line.cpp
         Main.cpp
         MainMenu.cpp
         Megaton.cpp
     1>Megaton.cpp(35): warning C4244: 'argument' : conversion from 'const int' to 'float', possible loss of data
         Player.cpp
     1>c:\users\v\desktop\hge project\hge project\hge project\Player.h(128): warning C4189: 'debugTime' : local variable is initialized but not referenced
         RenderManager.cpp
         ResourceManager.cpp
         TriggerManager.cpp
       Link:
         C:\Program Files (x86)\Microsoft Visual Studio 12.0\VC\bin\link.exe /ERRORREPORT:PROMPT /OUT:"../WorkDir/Game.exe" /INCREMENTAL:NO /NOLOGO hge.lib hgehelp.lib fmod_vc.lib kernel32.lib user32.lib gdi32.lib winspool.lib comdlg32.lib advapi32.lib shell32.lib ole32.lib oleaut32.lib uuid.lib odbc32.lib odbccp32.lib /NODEFAULTLIB:LIBC.lib /MANIFEST /MANIFESTUAC:"level='asInvoker' uiAccess='false'" /manifest:embed /DEBUG /PDB:"../WorkDir/Game.pdb" /SUBSYSTEM:WINDOWS /OPT:REF /OPT:ICF /LTCG /TLBID:1 /DYNAMICBASE /NXCOMPAT /IMPLIB:"../WorkDir/Game.lib" /MACHINE:X86 /SAFESEH /SAFESEH:NO Release\AudioSystem.obj
         Release\Sound.obj
         Release\SoundBase.obj
         Release\Stream.obj
         Release\Game.obj
         Release\GameLoop.obj
         Release\GameObject.obj
         Release\GameObjectManager.obj
         Release\GameState.obj
         Release\Button.obj
         Release\GUIManager.obj
         Release\InputManager.obj
         Release\InputMouse.obj
         Release\Line.obj
         Release\Main.obj
         Release\MainMenu.obj
         Release\Megaton.obj
         Release\Player.obj
         Release\FontRenderCommand.obj
         Release\RenderCommand.obj
         Release\Renderer.obj
         Release\RenderManager.obj
         Release\SpriteRenderCommand.obj
         Release\ResourceManager.obj
         Release\stdafx.obj
         Release\TriggerManager.obj
         "C:\Users\V\Desktop\HGE Project\HGE Project\Release\CommonUtilities.lib"
         "C:\Users\V\Desktop\HGE Project\HGE Project\Release\NetworkEngine.lib"
         Generating code
         Finished generating code
         HGE Project.vcxproj -> C:\Users\V\Desktop\HGE Project\HGE Project\HGE Project\../WorkDir/Game.exe
     1>Done Building Project "C:\Users\V\Desktop\HGE Project\HGE Project\HGE Project\HGE Project.vcxproj" (Build target(s)).

Build succeeded.

Time Elapsed 00:00:14.36
