c:\users\stlele1\desktop\projects\applicerad np - labb 8 fake lagg\networkengine\debug\vc120.pdb
c:\users\stlele1\desktop\projects\applicerad np - labb 8 fake lagg\networkengine\debug\vc120.idb
c:\users\stlele1\desktop\projects\applicerad np - labb 8 fake lagg\networkengine\debug\stringcompressor.obj
c:\users\stlele1\desktop\projects\applicerad np - labb 8 fake lagg\networkengine\debug\stringtable.obj
c:\users\stlele1\desktop\projects\applicerad np - labb 8 fake lagg\networkengine\debug\superfasthash.obj
c:\users\stlele1\desktop\projects\applicerad np - labb 8 fake lagg\networkengine\debug\tableserializer.obj
c:\users\stlele1\desktop\projects\applicerad np - labb 8 fake lagg\networkengine\debug\tcpinterface.obj
c:\users\stlele1\desktop\projects\applicerad np - labb 8 fake lagg\networkengine\debug\teambalancer.obj
c:\users\stlele1\desktop\projects\applicerad np - labb 8 fake lagg\networkengine\debug\teammanager.obj
c:\users\stlele1\desktop\projects\applicerad np - labb 8 fake lagg\networkengine\debug\telnettransport.obj
c:\users\stlele1\desktop\projects\applicerad np - labb 8 fake lagg\networkengine\debug\threadsafepacketlogger.obj
c:\users\stlele1\desktop\projects\applicerad np - labb 8 fake lagg\networkengine\debug\twowayauthentication.obj
c:\users\stlele1\desktop\projects\applicerad np - labb 8 fake lagg\networkengine\debug\udpforwarder.obj
c:\users\stlele1\desktop\projects\applicerad np - labb 8 fake lagg\networkengine\debug\udpproxyclient.obj
c:\users\stlele1\desktop\projects\applicerad np - labb 8 fake lagg\networkengine\debug\udpproxycoordinator.obj
c:\users\stlele1\desktop\projects\applicerad np - labb 8 fake lagg\networkengine\debug\udpproxyserver.obj
c:\users\stlele1\desktop\projects\applicerad np - labb 8 fake lagg\networkengine\debug\variabledeltaserializer.obj
c:\users\stlele1\desktop\projects\applicerad np - labb 8 fake lagg\networkengine\debug\variablelistdeltatracker.obj
c:\users\stlele1\desktop\projects\applicerad np - labb 8 fake lagg\networkengine\debug\variadicsqlparser.obj
c:\users\stlele1\desktop\projects\applicerad np - labb 8 fake lagg\networkengine\debug\vitaincludes.obj
c:\users\stlele1\desktop\projects\applicerad np - labb 8 fake lagg\networkengine\debug\wsastartupsingleton.obj
c:\users\stlele1\desktop\projects\applicerad np - labb 8 fake lagg\networkengine\debug\_findfirst.obj
c:\users\stlele1\desktop\projects\applicerad np - labb 8 fake lagg\networkengine\debug\raknettypes.obj
c:\users\stlele1\desktop\projects\applicerad np - labb 8 fake lagg\networkengine\debug\rakpeer.obj
c:\users\stlele1\desktop\projects\applicerad np - labb 8 fake lagg\networkengine\debug\raksleep.obj
c:\users\stlele1\desktop\projects\applicerad np - labb 8 fake lagg\networkengine\debug\rakstring.obj
c:\users\stlele1\desktop\projects\applicerad np - labb 8 fake lagg\networkengine\debug\rakthread.obj
c:\users\stlele1\desktop\projects\applicerad np - labb 8 fake lagg\networkengine\debug\rakwstring.obj
c:\users\stlele1\desktop\projects\applicerad np - labb 8 fake lagg\networkengine\debug\rand.obj
c:\users\stlele1\desktop\projects\applicerad np - labb 8 fake lagg\networkengine\debug\randsync.obj
c:\users\stlele1\desktop\projects\applicerad np - labb 8 fake lagg\networkengine\debug\readyevent.obj
c:\users\stlele1\desktop\projects\applicerad np - labb 8 fake lagg\networkengine\debug\relayplugin.obj
c:\users\stlele1\desktop\projects\applicerad np - labb 8 fake lagg\networkengine\debug\reliabilitylayer.obj
c:\users\stlele1\desktop\projects\applicerad np - labb 8 fake lagg\networkengine\debug\replicamanager3.obj
c:\users\stlele1\desktop\projects\applicerad np - labb 8 fake lagg\networkengine\debug\router2.obj
c:\users\stlele1\desktop\projects\applicerad np - labb 8 fake lagg\networkengine\debug\rpc4plugin.obj
c:\users\stlele1\desktop\projects\applicerad np - labb 8 fake lagg\networkengine\debug\securehandshake.obj
c:\users\stlele1\desktop\projects\applicerad np - labb 8 fake lagg\networkengine\debug\sendtothread.obj
c:\users\stlele1\desktop\projects\applicerad np - labb 8 fake lagg\networkengine\debug\signaledevent.obj
c:\users\stlele1\desktop\projects\applicerad np - labb 8 fake lagg\networkengine\debug\simplemutex.obj
c:\users\stlele1\desktop\projects\applicerad np - labb 8 fake lagg\networkengine\debug\socketlayer.obj
c:\users\stlele1\desktop\projects\applicerad np - labb 8 fake lagg\networkengine\debug\statisticshistory.obj
c:\users\stlele1\desktop\projects\applicerad np - labb 8 fake lagg\networkengine\debug\packetoutputwindowlogger.obj
c:\users\stlele1\desktop\projects\applicerad np - labb 8 fake lagg\networkengine\debug\plugininterface2.obj
c:\users\stlele1\desktop\projects\applicerad np - labb 8 fake lagg\networkengine\debug\ps4includes.obj
c:\users\stlele1\desktop\projects\applicerad np - labb 8 fake lagg\networkengine\debug\rackspace.obj
c:\users\stlele1\desktop\projects\applicerad np - labb 8 fake lagg\networkengine\debug\rakmemoryoverride.obj
c:\users\stlele1\desktop\projects\applicerad np - labb 8 fake lagg\networkengine\debug\raknetcommandparser.obj
c:\users\stlele1\desktop\projects\applicerad np - labb 8 fake lagg\networkengine\debug\raknetsocket.obj
c:\users\stlele1\desktop\projects\applicerad np - labb 8 fake lagg\networkengine\debug\raknetsocket2.obj
c:\users\stlele1\desktop\projects\applicerad np - labb 8 fake lagg\networkengine\debug\raknetsocket2_360_720.obj
c:\users\stlele1\desktop\projects\applicerad np - labb 8 fake lagg\networkengine\debug\raknetsocket2_berkley.obj
c:\users\stlele1\desktop\projects\applicerad np - labb 8 fake lagg\networkengine\debug\raknetsocket2_berkley_nativeclient.obj
c:\users\stlele1\desktop\projects\applicerad np - labb 8 fake lagg\networkengine\debug\raknetsocket2_nativeclient.obj
c:\users\stlele1\desktop\projects\applicerad np - labb 8 fake lagg\networkengine\debug\raknetsocket2_ps3_ps4.obj
c:\users\stlele1\desktop\projects\applicerad np - labb 8 fake lagg\networkengine\debug\raknetsocket2_ps4.obj
c:\users\stlele1\desktop\projects\applicerad np - labb 8 fake lagg\networkengine\debug\raknetsocket2_vita.obj
c:\users\stlele1\desktop\projects\applicerad np - labb 8 fake lagg\networkengine\debug\raknetsocket2_windowsstore8.obj
c:\users\stlele1\desktop\projects\applicerad np - labb 8 fake lagg\networkengine\debug\raknetsocket2_windows_linux.obj
c:\users\stlele1\desktop\projects\applicerad np - labb 8 fake lagg\networkengine\debug\raknetsocket2_windows_linux_360.obj
c:\users\stlele1\desktop\projects\applicerad np - labb 8 fake lagg\networkengine\debug\raknetstatistics.obj
c:\users\stlele1\desktop\projects\applicerad np - labb 8 fake lagg\networkengine\debug\raknettransport2.obj
c:\users\stlele1\desktop\projects\applicerad np - labb 8 fake lagg\networkengine\debug\gridsectorizer.obj
c:\users\stlele1\desktop\projects\applicerad np - labb 8 fake lagg\networkengine\debug\httpconnection.obj
c:\users\stlele1\desktop\projects\applicerad np - labb 8 fake lagg\networkengine\debug\httpconnection2.obj
c:\users\stlele1\desktop\projects\applicerad np - labb 8 fake lagg\networkengine\debug\incrementalreadinterface.obj
c:\users\stlele1\desktop\projects\applicerad np - labb 8 fake lagg\networkengine\debug\itoa.obj
c:\users\stlele1\desktop\projects\applicerad np - labb 8 fake lagg\networkengine\debug\linuxstrings.obj
c:\users\stlele1\desktop\projects\applicerad np - labb 8 fake lagg\networkengine\debug\locklesstypes.obj
c:\users\stlele1\desktop\projects\applicerad np - labb 8 fake lagg\networkengine\debug\logcommandparser.obj
c:\users\stlele1\desktop\projects\applicerad np - labb 8 fake lagg\networkengine\debug\messagefilter.obj
c:\users\stlele1\desktop\projects\applicerad np - labb 8 fake lagg\networkengine\debug\natpunchthroughclient.obj
c:\users\stlele1\desktop\projects\applicerad np - labb 8 fake lagg\networkengine\debug\natpunchthroughserver.obj
c:\users\stlele1\desktop\projects\applicerad np - labb 8 fake lagg\networkengine\debug\nattypedetectionclient.obj
c:\users\stlele1\desktop\projects\applicerad np - labb 8 fake lagg\networkengine\debug\nattypedetectioncommon.obj
c:\users\stlele1\desktop\projects\applicerad np - labb 8 fake lagg\networkengine\debug\nattypedetectionserver.obj
c:\users\stlele1\desktop\projects\applicerad np - labb 8 fake lagg\networkengine\debug\networkidmanager.obj
c:\users\stlele1\desktop\projects\applicerad np - labb 8 fake lagg\networkengine\debug\networkidobject.obj
c:\users\stlele1\desktop\projects\applicerad np - labb 8 fake lagg\networkengine\debug\packetconsolelogger.obj
c:\users\stlele1\desktop\projects\applicerad np - labb 8 fake lagg\networkengine\debug\packetfilelogger.obj
c:\users\stlele1\desktop\projects\applicerad np - labb 8 fake lagg\networkengine\debug\packetizedtcp.obj
c:\users\stlele1\desktop\projects\applicerad np - labb 8 fake lagg\networkengine\debug\packetlogger.obj
c:\users\stlele1\desktop\projects\applicerad np - labb 8 fake lagg\networkengine\debug\consoleserver.obj
c:\users\stlele1\desktop\projects\applicerad np - labb 8 fake lagg\networkengine\debug\datacompressor.obj
c:\users\stlele1\desktop\projects\applicerad np - labb 8 fake lagg\networkengine\debug\directorydeltatransfer.obj
c:\users\stlele1\desktop\projects\applicerad np - labb 8 fake lagg\networkengine\debug\dr_sha1.obj
c:\users\stlele1\desktop\projects\applicerad np - labb 8 fake lagg\networkengine\debug\ds_bytepool.obj
c:\users\stlele1\desktop\projects\applicerad np - labb 8 fake lagg\networkengine\debug\ds_bytequeue.obj
c:\users\stlele1\desktop\projects\applicerad np - labb 8 fake lagg\networkengine\debug\ds_huffmanencodingtree.obj
c:\users\stlele1\desktop\projects\applicerad np - labb 8 fake lagg\networkengine\debug\ds_table.obj
c:\users\stlele1\desktop\projects\applicerad np - labb 8 fake lagg\networkengine\debug\dyndns.obj
c:\users\stlele1\desktop\projects\applicerad np - labb 8 fake lagg\networkengine\debug\emailsender.obj
c:\users\stlele1\desktop\projects\applicerad np - labb 8 fake lagg\networkengine\debug\epochtimetostring.obj
c:\users\stlele1\desktop\projects\applicerad np - labb 8 fake lagg\networkengine\debug\filelist.obj
c:\users\stlele1\desktop\projects\applicerad np - labb 8 fake lagg\networkengine\debug\filelisttransfer.obj
c:\users\stlele1\desktop\projects\applicerad np - labb 8 fake lagg\networkengine\debug\fileoperations.obj
c:\users\stlele1\desktop\projects\applicerad np - labb 8 fake lagg\networkengine\debug\formatstring.obj
c:\users\stlele1\desktop\projects\applicerad np - labb 8 fake lagg\networkengine\debug\fullyconnectedmesh2.obj
c:\users\stlele1\desktop\projects\applicerad np - labb 8 fake lagg\networkengine\debug\getche.obj
c:\users\stlele1\desktop\projects\applicerad np - labb 8 fake lagg\networkengine\debug\gets.obj
c:\users\stlele1\desktop\projects\applicerad np - labb 8 fake lagg\networkengine\debug\gettime.obj
c:\users\stlele1\desktop\projects\applicerad np - labb 8 fake lagg\networkengine\debug\gettimeofday.obj
c:\users\stlele1\desktop\projects\applicerad np - labb 8 fake lagg\networkengine\debug\base64encoder.obj
c:\users\stlele1\desktop\projects\applicerad np - labb 8 fake lagg\networkengine\debug\bitstream.obj
c:\users\stlele1\desktop\projects\applicerad np - labb 8 fake lagg\networkengine\debug\ccraknetslidingwindow.obj
c:\users\stlele1\desktop\projects\applicerad np - labb 8 fake lagg\networkengine\debug\ccraknetudt.obj
c:\users\stlele1\desktop\projects\applicerad np - labb 8 fake lagg\networkengine\debug\checksum.obj
c:\users\stlele1\desktop\projects\applicerad np - labb 8 fake lagg\networkengine\debug\cloudclient.obj
c:\users\stlele1\desktop\projects\applicerad np - labb 8 fake lagg\networkengine\debug\cloudcommon.obj
c:\users\stlele1\desktop\projects\applicerad np - labb 8 fake lagg\networkengine\debug\cloudserver.obj
c:\users\stlele1\desktop\projects\applicerad np - labb 8 fake lagg\networkengine\debug\commandparserinterface.obj
c:\users\stlele1\desktop\projects\applicerad np - labb 8 fake lagg\networkengine\debug\connectiongraph2.obj
c:\users\stlele1\desktop\projects\applicerad np - labb 8 fake lagg\networkengine\debug\networkengine.obj
c:\users\stlele1\desktop\projects\applicerad np - labb 9 networkgame\networkengine\debug\vc120.pdb
c:\users\stlele1\desktop\projects\applicerad np - labb 9 networkgame\networkengine\debug\vc120.idb
c:\users\stlele1\desktop\projects\applicerad np - labb 9 networkgame\networkengine\debug\stringcompressor.obj
c:\users\stlele1\desktop\projects\applicerad np - labb 9 networkgame\networkengine\debug\stringtable.obj
c:\users\stlele1\desktop\projects\applicerad np - labb 9 networkgame\networkengine\debug\superfasthash.obj
c:\users\stlele1\desktop\projects\applicerad np - labb 9 networkgame\networkengine\debug\tableserializer.obj
c:\users\stlele1\desktop\projects\applicerad np - labb 9 networkgame\networkengine\debug\tcpinterface.obj
c:\users\stlele1\desktop\projects\applicerad np - labb 9 networkgame\networkengine\debug\teambalancer.obj
c:\users\stlele1\desktop\projects\applicerad np - labb 9 networkgame\networkengine\debug\teammanager.obj
c:\users\stlele1\desktop\projects\applicerad np - labb 9 networkgame\networkengine\debug\telnettransport.obj
c:\users\stlele1\desktop\projects\applicerad np - labb 9 networkgame\networkengine\debug\threadsafepacketlogger.obj
c:\users\stlele1\desktop\projects\applicerad np - labb 9 networkgame\networkengine\debug\twowayauthentication.obj
c:\users\stlele1\desktop\projects\applicerad np - labb 9 networkgame\networkengine\debug\udpforwarder.obj
c:\users\stlele1\desktop\projects\applicerad np - labb 9 networkgame\networkengine\debug\udpproxyclient.obj
c:\users\stlele1\desktop\projects\applicerad np - labb 9 networkgame\networkengine\debug\udpproxycoordinator.obj
c:\users\stlele1\desktop\projects\applicerad np - labb 9 networkgame\networkengine\debug\udpproxyserver.obj
c:\users\stlele1\desktop\projects\applicerad np - labb 9 networkgame\networkengine\debug\variabledeltaserializer.obj
c:\users\stlele1\desktop\projects\applicerad np - labb 9 networkgame\networkengine\debug\variablelistdeltatracker.obj
c:\users\stlele1\desktop\projects\applicerad np - labb 9 networkgame\networkengine\debug\variadicsqlparser.obj
c:\users\stlele1\desktop\projects\applicerad np - labb 9 networkgame\networkengine\debug\vitaincludes.obj
c:\users\stlele1\desktop\projects\applicerad np - labb 9 networkgame\networkengine\debug\wsastartupsingleton.obj
c:\users\stlele1\desktop\projects\applicerad np - labb 9 networkgame\networkengine\debug\_findfirst.obj
c:\users\stlele1\desktop\projects\applicerad np - labb 9 networkgame\networkengine\debug\raknettypes.obj
c:\users\stlele1\desktop\projects\applicerad np - labb 9 networkgame\networkengine\debug\rakpeer.obj
c:\users\stlele1\desktop\projects\applicerad np - labb 9 networkgame\networkengine\debug\raksleep.obj
c:\users\stlele1\desktop\projects\applicerad np - labb 9 networkgame\networkengine\debug\rakstring.obj
c:\users\stlele1\desktop\projects\applicerad np - labb 9 networkgame\networkengine\debug\rakthread.obj
c:\users\stlele1\desktop\projects\applicerad np - labb 9 networkgame\networkengine\debug\rakwstring.obj
c:\users\stlele1\desktop\projects\applicerad np - labb 9 networkgame\networkengine\debug\rand.obj
c:\users\stlele1\desktop\projects\applicerad np - labb 9 networkgame\networkengine\debug\randsync.obj
c:\users\stlele1\desktop\projects\applicerad np - labb 9 networkgame\networkengine\debug\readyevent.obj
c:\users\stlele1\desktop\projects\applicerad np - labb 9 networkgame\networkengine\debug\relayplugin.obj
c:\users\stlele1\desktop\projects\applicerad np - labb 9 networkgame\networkengine\debug\reliabilitylayer.obj
c:\users\stlele1\desktop\projects\applicerad np - labb 9 networkgame\networkengine\debug\replicamanager3.obj
c:\users\stlele1\desktop\projects\applicerad np - labb 9 networkgame\networkengine\debug\router2.obj
c:\users\stlele1\desktop\projects\applicerad np - labb 9 networkgame\networkengine\debug\rpc4plugin.obj
c:\users\stlele1\desktop\projects\applicerad np - labb 9 networkgame\networkengine\debug\securehandshake.obj
c:\users\stlele1\desktop\projects\applicerad np - labb 9 networkgame\networkengine\debug\sendtothread.obj
c:\users\stlele1\desktop\projects\applicerad np - labb 9 networkgame\networkengine\debug\signaledevent.obj
c:\users\stlele1\desktop\projects\applicerad np - labb 9 networkgame\networkengine\debug\simplemutex.obj
c:\users\stlele1\desktop\projects\applicerad np - labb 9 networkgame\networkengine\debug\socketlayer.obj
c:\users\stlele1\desktop\projects\applicerad np - labb 9 networkgame\networkengine\debug\statisticshistory.obj
c:\users\stlele1\desktop\projects\applicerad np - labb 9 networkgame\networkengine\debug\packetoutputwindowlogger.obj
c:\users\stlele1\desktop\projects\applicerad np - labb 9 networkgame\networkengine\debug\plugininterface2.obj
c:\users\stlele1\desktop\projects\applicerad np - labb 9 networkgame\networkengine\debug\ps4includes.obj
c:\users\stlele1\desktop\projects\applicerad np - labb 9 networkgame\networkengine\debug\rackspace.obj
c:\users\stlele1\desktop\projects\applicerad np - labb 9 networkgame\networkengine\debug\rakmemoryoverride.obj
c:\users\stlele1\desktop\projects\applicerad np - labb 9 networkgame\networkengine\debug\raknetcommandparser.obj
c:\users\stlele1\desktop\projects\applicerad np - labb 9 networkgame\networkengine\debug\raknetsocket.obj
c:\users\stlele1\desktop\projects\applicerad np - labb 9 networkgame\networkengine\debug\raknetsocket2.obj
c:\users\stlele1\desktop\projects\applicerad np - labb 9 networkgame\networkengine\debug\raknetsocket2_360_720.obj
c:\users\stlele1\desktop\projects\applicerad np - labb 9 networkgame\networkengine\debug\raknetsocket2_berkley.obj
c:\users\stlele1\desktop\projects\applicerad np - labb 9 networkgame\networkengine\debug\raknetsocket2_berkley_nativeclient.obj
c:\users\stlele1\desktop\projects\applicerad np - labb 9 networkgame\networkengine\debug\raknetsocket2_nativeclient.obj
c:\users\stlele1\desktop\projects\applicerad np - labb 9 networkgame\networkengine\debug\raknetsocket2_ps3_ps4.obj
c:\users\stlele1\desktop\projects\applicerad np - labb 9 networkgame\networkengine\debug\raknetsocket2_ps4.obj
c:\users\stlele1\desktop\projects\applicerad np - labb 9 networkgame\networkengine\debug\raknetsocket2_vita.obj
c:\users\stlele1\desktop\projects\applicerad np - labb 9 networkgame\networkengine\debug\raknetsocket2_windowsstore8.obj
c:\users\stlele1\desktop\projects\applicerad np - labb 9 networkgame\networkengine\debug\raknetsocket2_windows_linux.obj
c:\users\stlele1\desktop\projects\applicerad np - labb 9 networkgame\networkengine\debug\raknetsocket2_windows_linux_360.obj
c:\users\stlele1\desktop\projects\applicerad np - labb 9 networkgame\networkengine\debug\raknetstatistics.obj
c:\users\stlele1\desktop\projects\applicerad np - labb 9 networkgame\networkengine\debug\raknettransport2.obj
c:\users\stlele1\desktop\projects\applicerad np - labb 9 networkgame\networkengine\debug\gridsectorizer.obj
c:\users\stlele1\desktop\projects\applicerad np - labb 9 networkgame\networkengine\debug\httpconnection.obj
c:\users\stlele1\desktop\projects\applicerad np - labb 9 networkgame\networkengine\debug\httpconnection2.obj
c:\users\stlele1\desktop\projects\applicerad np - labb 9 networkgame\networkengine\debug\incrementalreadinterface.obj
c:\users\stlele1\desktop\projects\applicerad np - labb 9 networkgame\networkengine\debug\itoa.obj
c:\users\stlele1\desktop\projects\applicerad np - labb 9 networkgame\networkengine\debug\linuxstrings.obj
c:\users\stlele1\desktop\projects\applicerad np - labb 9 networkgame\networkengine\debug\locklesstypes.obj
c:\users\stlele1\desktop\projects\applicerad np - labb 9 networkgame\networkengine\debug\logcommandparser.obj
c:\users\stlele1\desktop\projects\applicerad np - labb 9 networkgame\networkengine\debug\messagefilter.obj
c:\users\stlele1\desktop\projects\applicerad np - labb 9 networkgame\networkengine\debug\natpunchthroughclient.obj
c:\users\stlele1\desktop\projects\applicerad np - labb 9 networkgame\networkengine\debug\natpunchthroughserver.obj
c:\users\stlele1\desktop\projects\applicerad np - labb 9 networkgame\networkengine\debug\nattypedetectionclient.obj
c:\users\stlele1\desktop\projects\applicerad np - labb 9 networkgame\networkengine\debug\nattypedetectioncommon.obj
c:\users\stlele1\desktop\projects\applicerad np - labb 9 networkgame\networkengine\debug\nattypedetectionserver.obj
c:\users\stlele1\desktop\projects\applicerad np - labb 9 networkgame\networkengine\debug\networkidmanager.obj
c:\users\stlele1\desktop\projects\applicerad np - labb 9 networkgame\networkengine\debug\networkidobject.obj
c:\users\stlele1\desktop\projects\applicerad np - labb 9 networkgame\networkengine\debug\packetconsolelogger.obj
c:\users\stlele1\desktop\projects\applicerad np - labb 9 networkgame\networkengine\debug\packetfilelogger.obj
c:\users\stlele1\desktop\projects\applicerad np - labb 9 networkgame\networkengine\debug\packetizedtcp.obj
c:\users\stlele1\desktop\projects\applicerad np - labb 9 networkgame\networkengine\debug\packetlogger.obj
c:\users\stlele1\desktop\projects\applicerad np - labb 9 networkgame\networkengine\debug\consoleserver.obj
c:\users\stlele1\desktop\projects\applicerad np - labb 9 networkgame\networkengine\debug\datacompressor.obj
c:\users\stlele1\desktop\projects\applicerad np - labb 9 networkgame\networkengine\debug\directorydeltatransfer.obj
c:\users\stlele1\desktop\projects\applicerad np - labb 9 networkgame\networkengine\debug\dr_sha1.obj
c:\users\stlele1\desktop\projects\applicerad np - labb 9 networkgame\networkengine\debug\ds_bytepool.obj
c:\users\stlele1\desktop\projects\applicerad np - labb 9 networkgame\networkengine\debug\ds_bytequeue.obj
c:\users\stlele1\desktop\projects\applicerad np - labb 9 networkgame\networkengine\debug\ds_huffmanencodingtree.obj
c:\users\stlele1\desktop\projects\applicerad np - labb 9 networkgame\networkengine\debug\ds_table.obj
c:\users\stlele1\desktop\projects\applicerad np - labb 9 networkgame\networkengine\debug\dyndns.obj
c:\users\stlele1\desktop\projects\applicerad np - labb 9 networkgame\networkengine\debug\emailsender.obj
c:\users\stlele1\desktop\projects\applicerad np - labb 9 networkgame\networkengine\debug\epochtimetostring.obj
c:\users\stlele1\desktop\projects\applicerad np - labb 9 networkgame\networkengine\debug\filelist.obj
c:\users\stlele1\desktop\projects\applicerad np - labb 9 networkgame\networkengine\debug\filelisttransfer.obj
c:\users\stlele1\desktop\projects\applicerad np - labb 9 networkgame\networkengine\debug\fileoperations.obj
c:\users\stlele1\desktop\projects\applicerad np - labb 9 networkgame\networkengine\debug\formatstring.obj
c:\users\stlele1\desktop\projects\applicerad np - labb 9 networkgame\networkengine\debug\fullyconnectedmesh2.obj
c:\users\stlele1\desktop\projects\applicerad np - labb 9 networkgame\networkengine\debug\getche.obj
c:\users\stlele1\desktop\projects\applicerad np - labb 9 networkgame\networkengine\debug\gets.obj
c:\users\stlele1\desktop\projects\applicerad np - labb 9 networkgame\networkengine\debug\gettime.obj
c:\users\stlele1\desktop\projects\applicerad np - labb 9 networkgame\networkengine\debug\gettimeofday.obj
c:\users\stlele1\desktop\projects\applicerad np - labb 9 networkgame\networkengine\debug\networkengine.obj
c:\users\stlele1\desktop\projects\applicerad np - labb 9 networkgame\networkengine\debug\base64encoder.obj
c:\users\stlele1\desktop\projects\applicerad np - labb 9 networkgame\networkengine\debug\bitstream.obj
c:\users\stlele1\desktop\projects\applicerad np - labb 9 networkgame\networkengine\debug\ccraknetslidingwindow.obj
c:\users\stlele1\desktop\projects\applicerad np - labb 9 networkgame\networkengine\debug\ccraknetudt.obj
c:\users\stlele1\desktop\projects\applicerad np - labb 9 networkgame\networkengine\debug\checksum.obj
c:\users\stlele1\desktop\projects\applicerad np - labb 9 networkgame\networkengine\debug\cloudclient.obj
c:\users\stlele1\desktop\projects\applicerad np - labb 9 networkgame\networkengine\debug\cloudcommon.obj
c:\users\stlele1\desktop\projects\applicerad np - labb 9 networkgame\networkengine\debug\cloudserver.obj
c:\users\stlele1\desktop\projects\applicerad np - labb 9 networkgame\networkengine\debug\commandparserinterface.obj
c:\users\stlele1\desktop\projects\applicerad np - labb 9 networkgame\networkengine\debug\connectiongraph2.obj
c:\users\grimzipp\desktop\hge project\networkengine\debug\vc120.pdb
c:\users\grimzipp\desktop\hge project\networkengine\debug\vc120.idb
c:\users\grimzipp\desktop\hge project\networkengine\debug\stringcompressor.obj
c:\users\grimzipp\desktop\hge project\networkengine\debug\stringtable.obj
c:\users\stlele1\desktop\projects\applicerad np - labb 8 fake lagg\debug\networkengine.lib
c:\users\stlele1\desktop\projects\applicerad np - labb 9 networkgame\debug\networkengine.lib
c:\users\grimzipp\desktop\hge project\networkengine\debug\base64encoder.obj
c:\users\grimzipp\desktop\hge project\networkengine\debug\bitstream.obj
c:\users\grimzipp\desktop\hge project\networkengine\debug\ccraknetslidingwindow.obj
c:\users\grimzipp\desktop\hge project\networkengine\debug\ccraknetudt.obj
c:\users\grimzipp\desktop\hge project\networkengine\debug\checksum.obj
c:\users\grimzipp\desktop\hge project\networkengine\debug\cloudclient.obj
c:\users\grimzipp\desktop\hge project\networkengine\debug\cloudcommon.obj
c:\users\grimzipp\desktop\hge project\networkengine\debug\cloudserver.obj
c:\users\grimzipp\desktop\hge project\networkengine\debug\commandparserinterface.obj
c:\users\grimzipp\desktop\hge project\networkengine\debug\connectiongraph2.obj
c:\users\grimzipp\desktop\hge project\networkengine\debug\consoleserver.obj
c:\users\grimzipp\desktop\hge project\networkengine\debug\datacompressor.obj
c:\users\grimzipp\desktop\hge project\networkengine\debug\directorydeltatransfer.obj
c:\users\grimzipp\desktop\hge project\networkengine\debug\dr_sha1.obj
c:\users\grimzipp\desktop\hge project\networkengine\debug\ds_bytepool.obj
c:\users\grimzipp\desktop\hge project\networkengine\debug\ds_bytequeue.obj
c:\users\grimzipp\desktop\hge project\networkengine\debug\ds_huffmanencodingtree.obj
c:\users\grimzipp\desktop\hge project\networkengine\debug\ds_table.obj
c:\users\grimzipp\desktop\hge project\networkengine\debug\dyndns.obj
c:\users\grimzipp\desktop\hge project\networkengine\debug\emailsender.obj
c:\users\grimzipp\desktop\hge project\networkengine\debug\epochtimetostring.obj
c:\users\grimzipp\desktop\hge project\networkengine\debug\filelist.obj
c:\users\grimzipp\desktop\hge project\networkengine\debug\filelisttransfer.obj
c:\users\grimzipp\desktop\hge project\networkengine\debug\fileoperations.obj
c:\users\grimzipp\desktop\hge project\networkengine\debug\formatstring.obj
c:\users\grimzipp\desktop\hge project\networkengine\debug\fullyconnectedmesh2.obj
c:\users\grimzipp\desktop\hge project\networkengine\debug\getche.obj
c:\users\grimzipp\desktop\hge project\networkengine\debug\gets.obj
c:\users\grimzipp\desktop\hge project\networkengine\debug\gettime.obj
c:\users\grimzipp\desktop\hge project\networkengine\debug\gettimeofday.obj
c:\users\grimzipp\desktop\hge project\networkengine\debug\gridsectorizer.obj
c:\users\grimzipp\desktop\hge project\networkengine\debug\httpconnection.obj
c:\users\grimzipp\desktop\hge project\networkengine\debug\httpconnection2.obj
c:\users\grimzipp\desktop\hge project\networkengine\debug\incrementalreadinterface.obj
c:\users\grimzipp\desktop\hge project\networkengine\debug\itoa.obj
c:\users\grimzipp\desktop\hge project\networkengine\debug\linuxstrings.obj
c:\users\grimzipp\desktop\hge project\networkengine\debug\locklesstypes.obj
c:\users\grimzipp\desktop\hge project\networkengine\debug\logcommandparser.obj
c:\users\grimzipp\desktop\hge project\networkengine\debug\messagefilter.obj
c:\users\grimzipp\desktop\hge project\networkengine\debug\natpunchthroughclient.obj
c:\users\grimzipp\desktop\hge project\networkengine\debug\natpunchthroughserver.obj
c:\users\grimzipp\desktop\hge project\networkengine\debug\nattypedetectionclient.obj
c:\users\grimzipp\desktop\hge project\networkengine\debug\nattypedetectioncommon.obj
c:\users\grimzipp\desktop\hge project\networkengine\debug\nattypedetectionserver.obj
c:\users\grimzipp\desktop\hge project\networkengine\debug\networkengine.obj
c:\users\grimzipp\desktop\hge project\networkengine\debug\networkidmanager.obj
c:\users\grimzipp\desktop\hge project\networkengine\debug\networkidobject.obj
c:\users\grimzipp\desktop\hge project\networkengine\debug\packetconsolelogger.obj
c:\users\grimzipp\desktop\hge project\networkengine\debug\packetfilelogger.obj
c:\users\grimzipp\desktop\hge project\networkengine\debug\packetizedtcp.obj
c:\users\grimzipp\desktop\hge project\networkengine\debug\packetlogger.obj
c:\users\grimzipp\desktop\hge project\networkengine\debug\packetoutputwindowlogger.obj
c:\users\grimzipp\desktop\hge project\networkengine\debug\plugininterface2.obj
c:\users\grimzipp\desktop\hge project\networkengine\debug\ps4includes.obj
c:\users\grimzipp\desktop\hge project\networkengine\debug\rackspace.obj
c:\users\grimzipp\desktop\hge project\networkengine\debug\rakmemoryoverride.obj
c:\users\grimzipp\desktop\hge project\networkengine\debug\raknetcommandparser.obj
c:\users\grimzipp\desktop\hge project\networkengine\debug\raknetsocket.obj
c:\users\grimzipp\desktop\hge project\networkengine\debug\raknetsocket2.obj
c:\users\grimzipp\desktop\hge project\networkengine\debug\raknetsocket2_360_720.obj
c:\users\grimzipp\desktop\hge project\networkengine\debug\raknetsocket2_berkley.obj
c:\users\grimzipp\desktop\hge project\networkengine\debug\raknetsocket2_berkley_nativeclient.obj
c:\users\grimzipp\desktop\hge project\networkengine\debug\raknetsocket2_nativeclient.obj
c:\users\grimzipp\desktop\hge project\networkengine\debug\raknetsocket2_ps3_ps4.obj
c:\users\grimzipp\desktop\hge project\networkengine\debug\raknetsocket2_ps4.obj
c:\users\grimzipp\desktop\hge project\networkengine\debug\raknetsocket2_vita.obj
c:\users\grimzipp\desktop\hge project\networkengine\debug\raknetsocket2_windowsstore8.obj
c:\users\grimzipp\desktop\hge project\networkengine\debug\raknetsocket2_windows_linux.obj
c:\users\grimzipp\desktop\hge project\networkengine\debug\raknetsocket2_windows_linux_360.obj
c:\users\grimzipp\desktop\hge project\networkengine\debug\raknetstatistics.obj
c:\users\grimzipp\desktop\hge project\networkengine\debug\raknettransport2.obj
c:\users\grimzipp\desktop\hge project\networkengine\debug\raknettypes.obj
c:\users\grimzipp\desktop\hge project\networkengine\debug\rakpeer.obj
c:\users\grimzipp\desktop\hge project\networkengine\debug\raksleep.obj
c:\users\grimzipp\desktop\hge project\networkengine\debug\rakstring.obj
c:\users\grimzipp\desktop\hge project\networkengine\debug\rakthread.obj
c:\users\grimzipp\desktop\hge project\networkengine\debug\rakwstring.obj
c:\users\grimzipp\desktop\hge project\networkengine\debug\rand.obj
c:\users\grimzipp\desktop\hge project\networkengine\debug\randsync.obj
c:\users\grimzipp\desktop\hge project\networkengine\debug\readyevent.obj
c:\users\grimzipp\desktop\hge project\networkengine\debug\relayplugin.obj
c:\users\grimzipp\desktop\hge project\networkengine\debug\reliabilitylayer.obj
c:\users\grimzipp\desktop\hge project\networkengine\debug\replicamanager3.obj
c:\users\grimzipp\desktop\hge project\networkengine\debug\router2.obj
c:\users\grimzipp\desktop\hge project\networkengine\debug\rpc4plugin.obj
c:\users\grimzipp\desktop\hge project\networkengine\debug\securehandshake.obj
c:\users\grimzipp\desktop\hge project\networkengine\debug\sendtothread.obj
c:\users\grimzipp\desktop\hge project\networkengine\debug\signaledevent.obj
c:\users\grimzipp\desktop\hge project\networkengine\debug\simplemutex.obj
c:\users\grimzipp\desktop\hge project\networkengine\debug\socketlayer.obj
c:\users\grimzipp\desktop\hge project\networkengine\debug\statisticshistory.obj
c:\users\grimzipp\desktop\hge project\networkengine\debug\networkengine.tlog\cl.command.1.tlog
c:\users\grimzipp\desktop\hge project\networkengine\debug\networkengine.tlog\cl.read.1.tlog
c:\users\grimzipp\desktop\hge project\networkengine\debug\networkengine.tlog\cl.write.1.tlog
c:\users\grimzipp\desktop\hge project\networkengine\debug\networkengine.tlog\lib-link.read.1.tlog
c:\users\grimzipp\desktop\hge project\networkengine\debug\networkengine.tlog\lib-link.write.1.tlog
c:\users\grimzipp\desktop\hge project\networkengine\debug\networkengine.tlog\lib.command.1.tlog
