c:\users\stlele1\desktop\projects\applicerad np - labb 9 networkgame\commonutilities\release\vc120.pdb
c:\users\stlele1\desktop\projects\applicerad np - labb 9 networkgame\commonutilities\release\xmlreader.obj
c:\users\stlele1\desktop\projects\applicerad np - labb 9 networkgame\commonutilities\release\tinyxml2.obj
c:\users\stlele1\desktop\projects\applicerad np - labb 9 networkgame\commonutilities\release\timermanager.obj
c:\users\stlele1\desktop\projects\applicerad np - labb 9 networkgame\commonutilities\release\timer.obj
c:\users\stlele1\desktop\projects\applicerad np - labb 9 networkgame\commonutilities\release\stackwalker.obj
c:\users\stlele1\desktop\projects\applicerad np - labb 9 networkgame\commonutilities\release\memorybucket.obj
c:\users\stlele1\desktop\projects\applicerad np - labb 9 networkgame\commonutilities\release\i3u_tga32.obj
c:\users\stlele1\desktop\projects\applicerad np - labb 9 networkgame\commonutilities\release\fi_file.obj
c:\users\stlele1\desktop\projects\applicerad np - labb 9 networkgame\commonutilities\release\dl_stackwalker.obj
c:\users\stlele1\desktop\projects\applicerad np - labb 9 networkgame\commonutilities\release\dl_debug.obj
c:\users\stlele1\desktop\projects\hge project\commonutilities\release\vc120.pdb
c:\users\stlele1\desktop\projects\hge project\commonutilities\release\xmlreader.obj
c:\users\stlele1\desktop\projects\hge project\commonutilities\release\tinyxml2.obj
c:\users\stlele1\desktop\projects\hge project\commonutilities\release\timermanager.obj
c:\users\stlele1\desktop\projects\hge project\commonutilities\release\timer.obj
c:\users\stlele1\desktop\projects\hge project\commonutilities\release\stackwalker.obj
c:\users\stlele1\desktop\projects\hge project\commonutilities\release\memorybucket.obj
c:\users\stlele1\desktop\projects\hge project\commonutilities\release\i3u_tga32.obj
c:\users\stlele1\desktop\projects\hge project\commonutilities\release\fi_file.obj
c:\users\stlele1\desktop\projects\hge project\commonutilities\release\dl_stackwalker.obj
c:\users\stlele1\desktop\projects\hge project\commonutilities\release\dl_debug.obj
c:\users\stlele1\desktop\projects\hge project\commonutilities\release\aabb.obj
c:\users\grimzipp\desktop\hge project\commonutilities\release\vc120.pdb
c:\users\grimzipp\desktop\hge project\commonutilities\release\xmlreader.obj
c:\users\grimzipp\desktop\hge project\commonutilities\release\tinyxml2.obj
c:\users\grimzipp\desktop\hge project\commonutilities\release\timermanager.obj
c:\users\grimzipp\desktop\hge project\commonutilities\release\timer.obj
c:\users\grimzipp\desktop\hge project\commonutilities\release\stackwalker.obj
c:\users\grimzipp\desktop\hge project\commonutilities\release\memorybucket.obj
c:\users\grimzipp\desktop\hge project\commonutilities\release\i3u_tga32.obj
c:\users\grimzipp\desktop\hge project\commonutilities\release\fi_file.obj
c:\users\grimzipp\desktop\hge project\commonutilities\release\dl_stackwalker.obj
c:\users\grimzipp\desktop\hge project\commonutilities\release\dl_debug.obj
c:\users\grimzipp\desktop\hge project\commonutilities\release\aabb.obj
c:\users\stlele1\desktop\projects\applicerad np - labb 9 networkgame\release\commonutilities.lib
c:\users\stlele1\desktop\projects\hge project\release\commonutilities.lib
c:\users\grimzipp\desktop\hge project\release\commonutilities.lib
c:\users\grimzipp\desktop\hge project\commonutilities\release\commonutilities.tlog\cl.command.1.tlog
c:\users\grimzipp\desktop\hge project\commonutilities\release\commonutilities.tlog\cl.read.1.tlog
c:\users\grimzipp\desktop\hge project\commonutilities\release\commonutilities.tlog\cl.write.1.tlog
c:\users\grimzipp\desktop\hge project\commonutilities\release\commonutilities.tlog\lib-link.read.1.tlog
c:\users\grimzipp\desktop\hge project\commonutilities\release\commonutilities.tlog\lib-link.write.1.tlog
c:\users\grimzipp\desktop\hge project\commonutilities\release\commonutilities.tlog\lib.command.1.tlog
