Build started 11/04/15 14:01:34.
     1>Project "C:\Users\V\Desktop\HGE Project\HGE Project\CommonUtilities\CommonUtilities.vcxproj" on node 2 (Build target(s)).
     1>ClCompile:
         C:\Program Files (x86)\Microsoft Visual Studio 12.0\VC\bin\CL.exe /c /Zi /nologo /W3 /WX- /sdl /O2 /Oi /Oy- /GL /D _MBCS /Gm- /EHsc /MD /GS /Gy /fp:precise /Zc:wchar_t /Zc:forScope /Fo"Release\\" /Fd"Release\vc120.pdb" /Gd /TP /analyze- /errorReport:prompt AABB.cpp DL_Debug.cpp DL_StackWalker.cpp FI_File.cpp I3U_tga32.cpp MemoryBucket.cpp StackWalker.cpp Timer.cpp TimerManager.cpp XMLReader.cpp tinyxml2.cpp
         AABB.cpp
         DL_Debug.cpp
         DL_StackWalker.cpp
         FI_File.cpp
         I3U_tga32.cpp
         MemoryBucket.cpp
         StackWalker.cpp
         Timer.cpp
         TimerManager.cpp
         XMLReader.cpp
         tinyxml2.cpp
       Lib:
         C:\Program Files (x86)\Microsoft Visual Studio 12.0\VC\bin\Lib.exe /OUT:"C:\Users\V\Desktop\HGE Project\HGE Project\Release\CommonUtilities.lib" /NOLOGO /LTCG Release\AABB.obj
         Release\DL_Debug.obj
         Release\DL_StackWalker.obj
         Release\FI_File.obj
         Release\I3U_tga32.obj
         Release\MemoryBucket.obj
         Release\StackWalker.obj
         Release\Timer.obj
         Release\TimerManager.obj
         Release\tinyxml2.obj
         Release\XMLReader.obj
         CommonUtilities.vcxproj -> C:\Users\V\Desktop\HGE Project\HGE Project\Release\CommonUtilities.lib
     1>Done Building Project "C:\Users\V\Desktop\HGE Project\HGE Project\CommonUtilities\CommonUtilities.vcxproj" (Build target(s)).

Build succeeded.

Time Elapsed 00:00:05.92
