c:\users\stlele1\desktop\projects\applicerad np - labb 9 networkgame\networkengine\release\vc120.pdb
c:\users\stlele1\desktop\projects\applicerad np - labb 9 networkgame\networkengine\release\dyndns.obj
c:\users\stlele1\desktop\projects\applicerad np - labb 9 networkgame\networkengine\release\ds_table.obj
c:\users\stlele1\desktop\projects\applicerad np - labb 9 networkgame\networkengine\release\ds_huffmanencodingtree.obj
c:\users\stlele1\desktop\projects\applicerad np - labb 9 networkgame\networkengine\release\ds_bytequeue.obj
c:\users\stlele1\desktop\projects\applicerad np - labb 9 networkgame\networkengine\release\ds_bytepool.obj
c:\users\stlele1\desktop\projects\applicerad np - labb 9 networkgame\networkengine\release\dr_sha1.obj
c:\users\stlele1\desktop\projects\applicerad np - labb 9 networkgame\networkengine\release\directorydeltatransfer.obj
c:\users\stlele1\desktop\projects\applicerad np - labb 9 networkgame\networkengine\release\datacompressor.obj
c:\users\stlele1\desktop\projects\applicerad np - labb 9 networkgame\networkengine\release\consoleserver.obj
c:\users\stlele1\desktop\projects\applicerad np - labb 9 networkgame\networkengine\release\connectiongraph2.obj
c:\users\stlele1\desktop\projects\applicerad np - labb 9 networkgame\networkengine\release\commandparserinterface.obj
c:\users\stlele1\desktop\projects\applicerad np - labb 9 networkgame\networkengine\release\cloudserver.obj
c:\users\stlele1\desktop\projects\applicerad np - labb 9 networkgame\networkengine\release\cloudcommon.obj
c:\users\stlele1\desktop\projects\applicerad np - labb 9 networkgame\networkengine\release\cloudclient.obj
c:\users\stlele1\desktop\projects\applicerad np - labb 9 networkgame\networkengine\release\checksum.obj
c:\users\stlele1\desktop\projects\applicerad np - labb 9 networkgame\networkengine\release\ccraknetudt.obj
c:\users\stlele1\desktop\projects\applicerad np - labb 9 networkgame\networkengine\release\ccraknetslidingwindow.obj
c:\users\stlele1\desktop\projects\applicerad np - labb 9 networkgame\networkengine\release\bitstream.obj
c:\users\stlele1\desktop\projects\applicerad np - labb 9 networkgame\networkengine\release\base64encoder.obj
c:\users\stlele1\desktop\projects\applicerad np - labb 9 networkgame\networkengine\release\networkengine.obj
c:\users\stlele1\desktop\projects\applicerad np - labb 9 networkgame\networkengine\release\messagefilter.obj
c:\users\stlele1\desktop\projects\applicerad np - labb 9 networkgame\networkengine\release\logcommandparser.obj
c:\users\stlele1\desktop\projects\applicerad np - labb 9 networkgame\networkengine\release\locklesstypes.obj
c:\users\stlele1\desktop\projects\applicerad np - labb 9 networkgame\networkengine\release\linuxstrings.obj
c:\users\stlele1\desktop\projects\applicerad np - labb 9 networkgame\networkengine\release\itoa.obj
c:\users\stlele1\desktop\projects\applicerad np - labb 9 networkgame\networkengine\release\incrementalreadinterface.obj
c:\users\stlele1\desktop\projects\applicerad np - labb 9 networkgame\networkengine\release\httpconnection2.obj
c:\users\stlele1\desktop\projects\applicerad np - labb 9 networkgame\networkengine\release\httpconnection.obj
c:\users\stlele1\desktop\projects\applicerad np - labb 9 networkgame\networkengine\release\gridsectorizer.obj
c:\users\stlele1\desktop\projects\applicerad np - labb 9 networkgame\networkengine\release\gettimeofday.obj
c:\users\stlele1\desktop\projects\applicerad np - labb 9 networkgame\networkengine\release\gettime.obj
c:\users\stlele1\desktop\projects\applicerad np - labb 9 networkgame\networkengine\release\gets.obj
c:\users\stlele1\desktop\projects\applicerad np - labb 9 networkgame\networkengine\release\getche.obj
c:\users\stlele1\desktop\projects\applicerad np - labb 9 networkgame\networkengine\release\fullyconnectedmesh2.obj
c:\users\stlele1\desktop\projects\applicerad np - labb 9 networkgame\networkengine\release\formatstring.obj
c:\users\stlele1\desktop\projects\applicerad np - labb 9 networkgame\networkengine\release\fileoperations.obj
c:\users\stlele1\desktop\projects\applicerad np - labb 9 networkgame\networkengine\release\filelisttransfer.obj
c:\users\stlele1\desktop\projects\applicerad np - labb 9 networkgame\networkengine\release\filelist.obj
c:\users\stlele1\desktop\projects\applicerad np - labb 9 networkgame\networkengine\release\epochtimetostring.obj
c:\users\stlele1\desktop\projects\applicerad np - labb 9 networkgame\networkengine\release\emailsender.obj
c:\users\stlele1\desktop\projects\applicerad np - labb 9 networkgame\networkengine\release\raknetsocket2_360_720.obj
c:\users\stlele1\desktop\projects\applicerad np - labb 9 networkgame\networkengine\release\raknetsocket2.obj
c:\users\stlele1\desktop\projects\applicerad np - labb 9 networkgame\networkengine\release\raknetsocket.obj
c:\users\stlele1\desktop\projects\applicerad np - labb 9 networkgame\networkengine\release\raknetcommandparser.obj
c:\users\stlele1\desktop\projects\applicerad np - labb 9 networkgame\networkengine\release\rakmemoryoverride.obj
c:\users\stlele1\desktop\projects\applicerad np - labb 9 networkgame\networkengine\release\rackspace.obj
c:\users\stlele1\desktop\projects\applicerad np - labb 9 networkgame\networkengine\release\ps4includes.obj
c:\users\stlele1\desktop\projects\applicerad np - labb 9 networkgame\networkengine\release\plugininterface2.obj
c:\users\stlele1\desktop\projects\applicerad np - labb 9 networkgame\networkengine\release\packetoutputwindowlogger.obj
c:\users\stlele1\desktop\projects\applicerad np - labb 9 networkgame\networkengine\release\packetlogger.obj
c:\users\stlele1\desktop\projects\applicerad np - labb 9 networkgame\networkengine\release\packetizedtcp.obj
c:\users\stlele1\desktop\projects\applicerad np - labb 9 networkgame\networkengine\release\packetfilelogger.obj
c:\users\stlele1\desktop\projects\applicerad np - labb 9 networkgame\networkengine\release\packetconsolelogger.obj
c:\users\stlele1\desktop\projects\applicerad np - labb 9 networkgame\networkengine\release\networkidobject.obj
c:\users\stlele1\desktop\projects\applicerad np - labb 9 networkgame\networkengine\release\networkidmanager.obj
c:\users\stlele1\desktop\projects\applicerad np - labb 9 networkgame\networkengine\release\nattypedetectionserver.obj
c:\users\stlele1\desktop\projects\applicerad np - labb 9 networkgame\networkengine\release\nattypedetectioncommon.obj
c:\users\stlele1\desktop\projects\applicerad np - labb 9 networkgame\networkengine\release\nattypedetectionclient.obj
c:\users\stlele1\desktop\projects\applicerad np - labb 9 networkgame\networkengine\release\natpunchthroughserver.obj
c:\users\stlele1\desktop\projects\applicerad np - labb 9 networkgame\networkengine\release\natpunchthroughclient.obj
c:\users\stlele1\desktop\projects\applicerad np - labb 9 networkgame\networkengine\release\readyevent.obj
c:\users\stlele1\desktop\projects\applicerad np - labb 9 networkgame\networkengine\release\randsync.obj
c:\users\stlele1\desktop\projects\applicerad np - labb 9 networkgame\networkengine\release\rand.obj
c:\users\stlele1\desktop\projects\applicerad np - labb 9 networkgame\networkengine\release\rakwstring.obj
c:\users\stlele1\desktop\projects\applicerad np - labb 9 networkgame\networkengine\release\rakthread.obj
c:\users\stlele1\desktop\projects\applicerad np - labb 9 networkgame\networkengine\release\rakstring.obj
c:\users\stlele1\desktop\projects\applicerad np - labb 9 networkgame\networkengine\release\raksleep.obj
c:\users\stlele1\desktop\projects\applicerad np - labb 9 networkgame\networkengine\release\rakpeer.obj
c:\users\stlele1\desktop\projects\applicerad np - labb 9 networkgame\networkengine\release\raknettypes.obj
c:\users\stlele1\desktop\projects\applicerad np - labb 9 networkgame\networkengine\release\raknettransport2.obj
c:\users\stlele1\desktop\projects\applicerad np - labb 9 networkgame\networkengine\release\raknetstatistics.obj
c:\users\stlele1\desktop\projects\applicerad np - labb 9 networkgame\networkengine\release\raknetsocket2_windows_linux_360.obj
c:\users\stlele1\desktop\projects\applicerad np - labb 9 networkgame\networkengine\release\raknetsocket2_windows_linux.obj
c:\users\stlele1\desktop\projects\applicerad np - labb 9 networkgame\networkengine\release\raknetsocket2_windowsstore8.obj
c:\users\stlele1\desktop\projects\applicerad np - labb 9 networkgame\networkengine\release\raknetsocket2_vita.obj
c:\users\stlele1\desktop\projects\applicerad np - labb 9 networkgame\networkengine\release\raknetsocket2_ps4.obj
c:\users\stlele1\desktop\projects\applicerad np - labb 9 networkgame\networkengine\release\raknetsocket2_ps3_ps4.obj
c:\users\stlele1\desktop\projects\applicerad np - labb 9 networkgame\networkengine\release\raknetsocket2_nativeclient.obj
c:\users\stlele1\desktop\projects\applicerad np - labb 9 networkgame\networkengine\release\raknetsocket2_berkley_nativeclient.obj
c:\users\stlele1\desktop\projects\applicerad np - labb 9 networkgame\networkengine\release\raknetsocket2_berkley.obj
c:\users\stlele1\desktop\projects\applicerad np - labb 9 networkgame\networkengine\release\threadsafepacketlogger.obj
c:\users\stlele1\desktop\projects\applicerad np - labb 9 networkgame\networkengine\release\telnettransport.obj
c:\users\stlele1\desktop\projects\applicerad np - labb 9 networkgame\networkengine\release\teammanager.obj
c:\users\stlele1\desktop\projects\applicerad np - labb 9 networkgame\networkengine\release\teambalancer.obj
c:\users\stlele1\desktop\projects\applicerad np - labb 9 networkgame\networkengine\release\tcpinterface.obj
c:\users\stlele1\desktop\projects\applicerad np - labb 9 networkgame\networkengine\release\tableserializer.obj
c:\users\stlele1\desktop\projects\applicerad np - labb 9 networkgame\networkengine\release\superfasthash.obj
c:\users\stlele1\desktop\projects\applicerad np - labb 9 networkgame\networkengine\release\stringtable.obj
c:\users\stlele1\desktop\projects\applicerad np - labb 9 networkgame\networkengine\release\stringcompressor.obj
c:\users\stlele1\desktop\projects\applicerad np - labb 9 networkgame\networkengine\release\statisticshistory.obj
c:\users\stlele1\desktop\projects\applicerad np - labb 9 networkgame\networkengine\release\socketlayer.obj
c:\users\stlele1\desktop\projects\applicerad np - labb 9 networkgame\networkengine\release\simplemutex.obj
c:\users\stlele1\desktop\projects\applicerad np - labb 9 networkgame\networkengine\release\signaledevent.obj
c:\users\stlele1\desktop\projects\applicerad np - labb 9 networkgame\networkengine\release\sendtothread.obj
c:\users\stlele1\desktop\projects\applicerad np - labb 9 networkgame\networkengine\release\securehandshake.obj
c:\users\stlele1\desktop\projects\applicerad np - labb 9 networkgame\networkengine\release\rpc4plugin.obj
c:\users\stlele1\desktop\projects\applicerad np - labb 9 networkgame\networkengine\release\router2.obj
c:\users\stlele1\desktop\projects\applicerad np - labb 9 networkgame\networkengine\release\replicamanager3.obj
c:\users\stlele1\desktop\projects\applicerad np - labb 9 networkgame\networkengine\release\reliabilitylayer.obj
c:\users\stlele1\desktop\projects\applicerad np - labb 9 networkgame\networkengine\release\relayplugin.obj
c:\users\stlele1\desktop\projects\applicerad np - labb 9 networkgame\networkengine\release\_findfirst.obj
c:\users\stlele1\desktop\projects\applicerad np - labb 9 networkgame\networkengine\release\wsastartupsingleton.obj
c:\users\stlele1\desktop\projects\applicerad np - labb 9 networkgame\networkengine\release\vitaincludes.obj
c:\users\stlele1\desktop\projects\applicerad np - labb 9 networkgame\networkengine\release\variadicsqlparser.obj
c:\users\stlele1\desktop\projects\applicerad np - labb 9 networkgame\networkengine\release\variablelistdeltatracker.obj
c:\users\stlele1\desktop\projects\applicerad np - labb 9 networkgame\networkengine\release\variabledeltaserializer.obj
c:\users\stlele1\desktop\projects\applicerad np - labb 9 networkgame\networkengine\release\udpproxyserver.obj
c:\users\stlele1\desktop\projects\applicerad np - labb 9 networkgame\networkengine\release\udpproxycoordinator.obj
c:\users\stlele1\desktop\projects\applicerad np - labb 9 networkgame\networkengine\release\udpproxyclient.obj
c:\users\stlele1\desktop\projects\applicerad np - labb 9 networkgame\networkengine\release\udpforwarder.obj
c:\users\stlele1\desktop\projects\applicerad np - labb 9 networkgame\networkengine\release\twowayauthentication.obj
c:\users\grimzipp\desktop\hge project\networkengine\release\vc120.pdb
c:\users\grimzipp\desktop\hge project\networkengine\release\dyndns.obj
c:\users\grimzipp\desktop\hge project\networkengine\release\ds_table.obj
c:\users\grimzipp\desktop\hge project\networkengine\release\ds_huffmanencodingtree.obj
c:\users\grimzipp\desktop\hge project\networkengine\release\ds_bytequeue.obj
c:\users\grimzipp\desktop\hge project\networkengine\release\ds_bytepool.obj
c:\users\grimzipp\desktop\hge project\networkengine\release\dr_sha1.obj
c:\users\grimzipp\desktop\hge project\networkengine\release\directorydeltatransfer.obj
c:\users\grimzipp\desktop\hge project\networkengine\release\datacompressor.obj
c:\users\grimzipp\desktop\hge project\networkengine\release\consoleserver.obj
c:\users\grimzipp\desktop\hge project\networkengine\release\connectiongraph2.obj
c:\users\grimzipp\desktop\hge project\networkengine\release\commandparserinterface.obj
c:\users\grimzipp\desktop\hge project\networkengine\release\cloudserver.obj
c:\users\grimzipp\desktop\hge project\networkengine\release\cloudcommon.obj
c:\users\grimzipp\desktop\hge project\networkengine\release\cloudclient.obj
c:\users\grimzipp\desktop\hge project\networkengine\release\checksum.obj
c:\users\grimzipp\desktop\hge project\networkengine\release\ccraknetudt.obj
c:\users\grimzipp\desktop\hge project\networkengine\release\ccraknetslidingwindow.obj
c:\users\grimzipp\desktop\hge project\networkengine\release\bitstream.obj
c:\users\grimzipp\desktop\hge project\networkengine\release\base64encoder.obj
c:\users\grimzipp\desktop\hge project\networkengine\release\networkengine.obj
c:\users\grimzipp\desktop\hge project\networkengine\release\messagefilter.obj
c:\users\grimzipp\desktop\hge project\networkengine\release\logcommandparser.obj
c:\users\grimzipp\desktop\hge project\networkengine\release\locklesstypes.obj
c:\users\grimzipp\desktop\hge project\networkengine\release\linuxstrings.obj
c:\users\grimzipp\desktop\hge project\networkengine\release\itoa.obj
c:\users\grimzipp\desktop\hge project\networkengine\release\incrementalreadinterface.obj
c:\users\grimzipp\desktop\hge project\networkengine\release\httpconnection2.obj
c:\users\grimzipp\desktop\hge project\networkengine\release\httpconnection.obj
c:\users\grimzipp\desktop\hge project\networkengine\release\gridsectorizer.obj
c:\users\grimzipp\desktop\hge project\networkengine\release\gettimeofday.obj
c:\users\grimzipp\desktop\hge project\networkengine\release\gettime.obj
c:\users\grimzipp\desktop\hge project\networkengine\release\gets.obj
c:\users\grimzipp\desktop\hge project\networkengine\release\getche.obj
c:\users\grimzipp\desktop\hge project\networkengine\release\fullyconnectedmesh2.obj
c:\users\grimzipp\desktop\hge project\networkengine\release\formatstring.obj
c:\users\grimzipp\desktop\hge project\networkengine\release\fileoperations.obj
c:\users\grimzipp\desktop\hge project\networkengine\release\filelisttransfer.obj
c:\users\grimzipp\desktop\hge project\networkengine\release\filelist.obj
c:\users\grimzipp\desktop\hge project\networkengine\release\epochtimetostring.obj
c:\users\grimzipp\desktop\hge project\networkengine\release\emailsender.obj
c:\users\grimzipp\desktop\hge project\networkengine\release\raknetsocket2_360_720.obj
c:\users\grimzipp\desktop\hge project\networkengine\release\raknetsocket2.obj
c:\users\grimzipp\desktop\hge project\networkengine\release\raknetsocket.obj
c:\users\grimzipp\desktop\hge project\networkengine\release\raknetcommandparser.obj
c:\users\grimzipp\desktop\hge project\networkengine\release\rakmemoryoverride.obj
c:\users\grimzipp\desktop\hge project\networkengine\release\rackspace.obj
c:\users\grimzipp\desktop\hge project\networkengine\release\ps4includes.obj
c:\users\grimzipp\desktop\hge project\networkengine\release\plugininterface2.obj
c:\users\grimzipp\desktop\hge project\networkengine\release\packetoutputwindowlogger.obj
c:\users\grimzipp\desktop\hge project\networkengine\release\packetlogger.obj
c:\users\grimzipp\desktop\hge project\networkengine\release\packetizedtcp.obj
c:\users\grimzipp\desktop\hge project\networkengine\release\packetfilelogger.obj
c:\users\grimzipp\desktop\hge project\networkengine\release\packetconsolelogger.obj
c:\users\grimzipp\desktop\hge project\networkengine\release\networkidobject.obj
c:\users\grimzipp\desktop\hge project\networkengine\release\networkidmanager.obj
c:\users\grimzipp\desktop\hge project\networkengine\release\nattypedetectionserver.obj
c:\users\grimzipp\desktop\hge project\networkengine\release\nattypedetectioncommon.obj
c:\users\grimzipp\desktop\hge project\networkengine\release\nattypedetectionclient.obj
c:\users\grimzipp\desktop\hge project\networkengine\release\natpunchthroughserver.obj
c:\users\grimzipp\desktop\hge project\networkengine\release\natpunchthroughclient.obj
c:\users\grimzipp\desktop\hge project\networkengine\release\readyevent.obj
c:\users\grimzipp\desktop\hge project\networkengine\release\randsync.obj
c:\users\grimzipp\desktop\hge project\networkengine\release\rand.obj
c:\users\grimzipp\desktop\hge project\networkengine\release\rakwstring.obj
c:\users\grimzipp\desktop\hge project\networkengine\release\rakthread.obj
c:\users\grimzipp\desktop\hge project\networkengine\release\rakstring.obj
c:\users\grimzipp\desktop\hge project\networkengine\release\raksleep.obj
c:\users\grimzipp\desktop\hge project\networkengine\release\rakpeer.obj
c:\users\grimzipp\desktop\hge project\networkengine\release\raknettypes.obj
c:\users\grimzipp\desktop\hge project\networkengine\release\raknettransport2.obj
c:\users\grimzipp\desktop\hge project\networkengine\release\raknetstatistics.obj
c:\users\grimzipp\desktop\hge project\networkengine\release\raknetsocket2_windows_linux_360.obj
c:\users\grimzipp\desktop\hge project\networkengine\release\raknetsocket2_windows_linux.obj
c:\users\grimzipp\desktop\hge project\networkengine\release\raknetsocket2_windowsstore8.obj
c:\users\grimzipp\desktop\hge project\networkengine\release\raknetsocket2_vita.obj
c:\users\grimzipp\desktop\hge project\networkengine\release\raknetsocket2_ps4.obj
c:\users\grimzipp\desktop\hge project\networkengine\release\raknetsocket2_ps3_ps4.obj
c:\users\grimzipp\desktop\hge project\networkengine\release\raknetsocket2_nativeclient.obj
c:\users\grimzipp\desktop\hge project\networkengine\release\raknetsocket2_berkley_nativeclient.obj
c:\users\grimzipp\desktop\hge project\networkengine\release\raknetsocket2_berkley.obj
c:\users\grimzipp\desktop\hge project\networkengine\release\threadsafepacketlogger.obj
c:\users\grimzipp\desktop\hge project\networkengine\release\telnettransport.obj
c:\users\grimzipp\desktop\hge project\networkengine\release\teammanager.obj
c:\users\grimzipp\desktop\hge project\networkengine\release\teambalancer.obj
c:\users\grimzipp\desktop\hge project\networkengine\release\tcpinterface.obj
c:\users\grimzipp\desktop\hge project\networkengine\release\tableserializer.obj
c:\users\grimzipp\desktop\hge project\networkengine\release\superfasthash.obj
c:\users\grimzipp\desktop\hge project\networkengine\release\stringtable.obj
c:\users\grimzipp\desktop\hge project\networkengine\release\stringcompressor.obj
c:\users\grimzipp\desktop\hge project\networkengine\release\statisticshistory.obj
c:\users\grimzipp\desktop\hge project\networkengine\release\socketlayer.obj
c:\users\grimzipp\desktop\hge project\networkengine\release\simplemutex.obj
c:\users\grimzipp\desktop\hge project\networkengine\release\signaledevent.obj
c:\users\grimzipp\desktop\hge project\networkengine\release\sendtothread.obj
c:\users\grimzipp\desktop\hge project\networkengine\release\securehandshake.obj
c:\users\grimzipp\desktop\hge project\networkengine\release\rpc4plugin.obj
c:\users\grimzipp\desktop\hge project\networkengine\release\router2.obj
c:\users\grimzipp\desktop\hge project\networkengine\release\replicamanager3.obj
c:\users\grimzipp\desktop\hge project\networkengine\release\reliabilitylayer.obj
c:\users\grimzipp\desktop\hge project\networkengine\release\relayplugin.obj
c:\users\grimzipp\desktop\hge project\networkengine\release\_findfirst.obj
c:\users\grimzipp\desktop\hge project\networkengine\release\wsastartupsingleton.obj
c:\users\grimzipp\desktop\hge project\networkengine\release\vitaincludes.obj
c:\users\grimzipp\desktop\hge project\networkengine\release\variadicsqlparser.obj
c:\users\grimzipp\desktop\hge project\networkengine\release\variablelistdeltatracker.obj
c:\users\grimzipp\desktop\hge project\networkengine\release\variabledeltaserializer.obj
c:\users\grimzipp\desktop\hge project\networkengine\release\udpproxyserver.obj
c:\users\grimzipp\desktop\hge project\networkengine\release\udpproxycoordinator.obj
c:\users\grimzipp\desktop\hge project\networkengine\release\udpproxyclient.obj
c:\users\grimzipp\desktop\hge project\networkengine\release\udpforwarder.obj
c:\users\grimzipp\desktop\hge project\networkengine\release\twowayauthentication.obj
c:\users\stlele1\desktop\projects\applicerad np - labb 9 networkgame\release\networkengine.lib
c:\users\grimzipp\desktop\hge project\release\networkengine.lib
c:\users\grimzipp\desktop\hge project\networkengine\release\networkengine.tlog\cl.command.1.tlog
c:\users\grimzipp\desktop\hge project\networkengine\release\networkengine.tlog\cl.read.1.tlog
c:\users\grimzipp\desktop\hge project\networkengine\release\networkengine.tlog\cl.write.1.tlog
c:\users\grimzipp\desktop\hge project\networkengine\release\networkengine.tlog\lib-link.read.1.tlog
c:\users\grimzipp\desktop\hge project\networkengine\release\networkengine.tlog\lib-link.write.1.tlog
c:\users\grimzipp\desktop\hge project\networkengine\release\networkengine.tlog\lib.command.1.tlog
