c:\users\stlele1\desktop\projects\hge project\commonutilities\debug\vc120.pdb
c:\users\stlele1\desktop\projects\hge project\commonutilities\debug\vc120.idb
c:\users\stlele1\desktop\projects\hge project\commonutilities\debug\aabb.obj
c:\users\stlele1\desktop\projects\hge project\commonutilities\debug\dl_debug.obj
c:\users\stlele1\desktop\projects\hge project\commonutilities\debug\dl_stackwalker.obj
c:\users\stlele1\desktop\projects\hge project\commonutilities\debug\fi_file.obj
c:\users\stlele1\desktop\projects\hge project\commonutilities\debug\i3u_tga32.obj
c:\users\stlele1\desktop\projects\hge project\commonutilities\debug\memorybucket.obj
c:\users\stlele1\desktop\projects\hge project\commonutilities\debug\stackwalker.obj
c:\users\stlele1\desktop\projects\hge project\commonutilities\debug\timer.obj
c:\users\stlele1\desktop\projects\hge project\commonutilities\debug\timermanager.obj
c:\users\stlele1\desktop\projects\hge project\commonutilities\debug\tinyxml2.obj
c:\users\stlele1\desktop\projects\hge project\commonutilities\debug\xmlreader.obj
c:\users\grimzipp\desktop\hge project\commonutilities\debug\vc120.pdb
c:\users\grimzipp\desktop\hge project\commonutilities\debug\vc120.idb
c:\users\grimzipp\desktop\hge project\commonutilities\debug\aabb.obj
c:\users\grimzipp\desktop\hge project\commonutilities\debug\dl_debug.obj
c:\users\grimzipp\desktop\hge project\commonutilities\debug\dl_stackwalker.obj
c:\users\grimzipp\desktop\hge project\commonutilities\debug\fi_file.obj
c:\users\grimzipp\desktop\hge project\commonutilities\debug\i3u_tga32.obj
c:\users\grimzipp\desktop\hge project\commonutilities\debug\memorybucket.obj
c:\users\grimzipp\desktop\hge project\commonutilities\debug\stackwalker.obj
c:\users\grimzipp\desktop\hge project\commonutilities\debug\timer.obj
c:\users\grimzipp\desktop\hge project\commonutilities\debug\timermanager.obj
c:\users\grimzipp\desktop\hge project\commonutilities\debug\tinyxml2.obj
c:\users\grimzipp\desktop\hge project\commonutilities\debug\xmlreader.obj
c:\users\stlele1\desktop\projects\hge project\debug\commonutilities.lib
c:\users\grimzipp\desktop\hge project\debug\commonutilities.lib
c:\users\grimzipp\desktop\hge project\commonutilities\debug\commonutilities.tlog\cl.command.1.tlog
c:\users\grimzipp\desktop\hge project\commonutilities\debug\commonutilities.tlog\cl.read.1.tlog
c:\users\grimzipp\desktop\hge project\commonutilities\debug\commonutilities.tlog\cl.write.1.tlog
c:\users\grimzipp\desktop\hge project\commonutilities\debug\commonutilities.tlog\lib-link.read.1.tlog
c:\users\grimzipp\desktop\hge project\commonutilities\debug\commonutilities.tlog\lib-link.write.1.tlog
c:\users\grimzipp\desktop\hge project\commonutilities\debug\commonutilities.tlog\lib.command.1.tlog
