c:\users\v\desktop\hge project\hge project\hge project\debug\vc120.pdb
c:\users\v\desktop\hge project\hge project\hge project\debug\debugexe.pch
c:\users\v\desktop\hge project\hge project\hge project\debug\vc120.idb
c:\users\v\desktop\hge project\hge project\hge project\debug\stdafx.obj
c:\users\v\desktop\hge project\hge project\hge project\debug\audiosystem.obj
c:\users\v\desktop\hge project\hge project\hge project\debug\button.obj
c:\users\v\desktop\hge project\hge project\hge project\debug\guimanager.obj
c:\users\v\desktop\hge project\hge project\hge project\debug\fontrendercommand.obj
c:\users\v\desktop\hge project\hge project\hge project\debug\rendercommand.obj
c:\users\v\desktop\hge project\hge project\hge project\debug\renderer.obj
c:\users\v\desktop\hge project\hge project\hge project\debug\spriterendercommand.obj
c:\users\v\desktop\hge project\hge project\hge project\debug\sound.obj
c:\users\v\desktop\hge project\hge project\hge project\debug\soundbase.obj
c:\users\v\desktop\hge project\hge project\hge project\debug\stream.obj
c:\users\v\desktop\hge project\hge project\hge project\debug\game.obj
c:\users\v\desktop\hge project\hge project\hge project\debug\gameloop.obj
c:\users\v\desktop\hge project\hge project\hge project\debug\gameobject.obj
c:\users\v\desktop\hge project\hge project\hge project\debug\gameobjectmanager.obj
c:\users\v\desktop\hge project\hge project\hge project\debug\gamestate.obj
c:\users\v\desktop\hge project\hge project\hge project\debug\inputmanager.obj
c:\users\v\desktop\hge project\hge project\hge project\debug\inputmouse.obj
c:\users\v\desktop\hge project\hge project\hge project\debug\line.obj
c:\users\v\desktop\hge project\hge project\hge project\debug\main.obj
c:\users\v\desktop\hge project\hge project\hge project\debug\mainmenu.obj
c:\users\v\desktop\hge project\hge project\hge project\debug\megaton.obj
c:\users\v\desktop\hge project\hge project\hge project\debug\player.obj
c:\users\v\desktop\hge project\hge project\hge project\debug\rendermanager.obj
c:\users\v\desktop\hge project\hge project\hge project\debug\resourcemanager.obj
c:\users\v\desktop\hge project\hge project\hge project\debug\square.obj
c:\users\v\desktop\hge project\hge project\hge project\debug\triggermanager.obj
c:\users\robin\downloads\thecrashriders\hge project\hge project\hge project\debug\debugexe.pch
c:\users\robin\downloads\thecrashriders\hge project\hge project\hge project\debug\vc120.pdb
c:\users\robin\downloads\thecrashriders\hge project\hge project\hge project\debug\vc120.idb
c:\users\robin\downloads\thecrashriders\hge project\hge project\hge project\debug\stdafx.obj
c:\users\robin\downloads\thecrashriders\hge project\hge project\hge project\debug\audiosystem.obj
c:\users\robin\downloads\thecrashriders\hge project\hge project\hge project\debug\button.obj
c:\users\robin\downloads\thecrashriders\hge project\hge project\hge project\debug\guimanager.obj
c:\users\robin\downloads\thecrashriders\hge project\hge project\hge project\debug\fontrendercommand.obj
c:\users\robin\downloads\thecrashriders\hge project\hge project\hge project\debug\rendercommand.obj
c:\users\robin\downloads\thecrashriders\hge project\hge project\hge project\debug\renderer.obj
c:\users\robin\downloads\thecrashriders\hge project\hge project\hge project\debug\spriterendercommand.obj
c:\users\robin\downloads\thecrashriders\hge project\hge project\hge project\debug\sound.obj
c:\users\robin\downloads\thecrashriders\hge project\hge project\hge project\debug\soundbase.obj
c:\users\robin\downloads\thecrashriders\hge project\hge project\hge project\debug\stream.obj
c:\users\robin\downloads\thecrashriders\hge project\hge project\hge project\debug\game.obj
c:\users\robin\downloads\thecrashriders\hge project\hge project\hge project\debug\gameloop.obj
c:\users\robin\downloads\thecrashriders\hge project\hge project\hge project\debug\gameobject.obj
c:\users\robin\downloads\thecrashriders\hge project\hge project\hge project\debug\gameobjectmanager.obj
c:\users\robin\downloads\thecrashriders\hge project\hge project\hge project\debug\gamestate.obj
c:\users\robin\downloads\thecrashriders\hge project\hge project\hge project\debug\inputmanager.obj
c:\users\robin\downloads\thecrashriders\hge project\hge project\hge project\debug\inputmouse.obj
c:\users\robin\downloads\thecrashriders\hge project\hge project\hge project\debug\line.obj
c:\users\robin\downloads\thecrashriders\hge project\hge project\hge project\debug\main.obj
c:\users\robin\downloads\thecrashriders\hge project\hge project\hge project\debug\mainmenu.obj
c:\users\robin\downloads\thecrashriders\hge project\hge project\hge project\debug\megaton.obj
c:\users\robin\downloads\thecrashriders\hge project\hge project\hge project\debug\player.obj
c:\users\robin\downloads\thecrashriders\hge project\hge project\hge project\debug\rendermanager.obj
c:\users\robin\downloads\thecrashriders\hge project\hge project\hge project\debug\resourcemanager.obj
c:\users\robin\downloads\thecrashriders\hge project\hge project\hge project\debug\square.obj
c:\users\robin\downloads\thecrashriders\hge project\hge project\hge project\debug\triggermanager.obj
c:\users\robin\desktop\thecrashriders\hge project\hge project\hge project\debug\debugexe.pch
c:\users\robin\desktop\thecrashriders\hge project\hge project\hge project\debug\vc120.pdb
c:\users\robin\desktop\thecrashriders\hge project\hge project\hge project\debug\vc120.idb
c:\users\robin\desktop\thecrashriders\hge project\hge project\hge project\debug\stdafx.obj
c:\users\robin\desktop\thecrashriders\hge project\hge project\hge project\debug\audiosystem.obj
c:\users\robin\desktop\thecrashriders\hge project\hge project\hge project\debug\button.obj
c:\users\robin\desktop\thecrashriders\hge project\hge project\hge project\debug\guimanager.obj
c:\users\robin\desktop\thecrashriders\hge project\hge project\hge project\debug\fontrendercommand.obj
c:\users\robin\desktop\thecrashriders\hge project\hge project\hge project\debug\rendercommand.obj
c:\users\robin\desktop\thecrashriders\hge project\hge project\hge project\debug\renderer.obj
c:\users\robin\desktop\thecrashriders\hge project\hge project\hge project\debug\spriterendercommand.obj
c:\users\robin\desktop\thecrashriders\hge project\hge project\hge project\debug\sound.obj
c:\users\robin\desktop\thecrashriders\hge project\hge project\hge project\debug\soundbase.obj
c:\users\robin\desktop\thecrashriders\hge project\hge project\hge project\debug\stream.obj
c:\users\robin\desktop\thecrashriders\hge project\hge project\hge project\debug\game.obj
c:\users\robin\desktop\thecrashriders\hge project\hge project\hge project\debug\gameloop.obj
c:\users\robin\desktop\thecrashriders\hge project\hge project\hge project\debug\gameobject.obj
c:\users\robin\desktop\thecrashriders\hge project\hge project\hge project\debug\gameobjectmanager.obj
c:\users\robin\desktop\thecrashriders\hge project\hge project\hge project\debug\gamestate.obj
c:\users\robin\desktop\thecrashriders\hge project\hge project\hge project\debug\inputmanager.obj
c:\users\robin\desktop\thecrashriders\hge project\hge project\hge project\debug\inputmouse.obj
c:\users\robin\desktop\thecrashriders\hge project\hge project\hge project\debug\line.obj
c:\users\robin\desktop\thecrashriders\hge project\hge project\hge project\debug\main.obj
c:\users\robin\desktop\thecrashriders\hge project\hge project\hge project\debug\mainmenu.obj
c:\users\robin\desktop\thecrashriders\hge project\hge project\hge project\debug\megaton.obj
c:\users\robin\desktop\thecrashriders\hge project\hge project\hge project\debug\player.obj
c:\users\robin\desktop\thecrashriders\hge project\hge project\hge project\debug\rendermanager.obj
c:\users\robin\desktop\thecrashriders\hge project\hge project\hge project\debug\resourcemanager.obj
c:\users\robin\desktop\thecrashriders\hge project\hge project\hge project\debug\square.obj
c:\users\robin\desktop\thecrashriders\hge project\hge project\hge project\debug\triggermanager.obj
c:\users\v\desktop\hge project\hge project\workdir\debugexe.ilk
c:\users\v\desktop\hge project\hge project\workdir\debugexe.exe
c:\users\v\desktop\hge project\hge project\workdir\debugexe.pdb
c:\users\robin\downloads\thecrashriders\hge project\hge project\workdir\debugexe.ilk
c:\users\robin\downloads\thecrashriders\hge project\hge project\workdir\debugexe.exe
c:\users\robin\downloads\thecrashriders\hge project\hge project\workdir\debugexe.pdb
c:\users\robin\desktop\thecrashriders\hge project\hge project\workdir\debugexe.ilk
c:\users\robin\desktop\thecrashriders\hge project\hge project\workdir\debugexe.exe
c:\users\robin\desktop\thecrashriders\hge project\hge project\workdir\debugexe.pdb
c:\users\robin\desktop\thecrashriders\hge project\hge project\hge project\debug\hge project.vcxprojresolveassemblyreference.cache
c:\users\robin\desktop\thecrashriders\hge project\hge project\hge project\../workdir/debugexe.exe
c:\users\robin\desktop\thecrashriders\hge project\hge project\hge project\debug\hge project.tlog\cl.command.1.tlog
c:\users\robin\desktop\thecrashriders\hge project\hge project\hge project\debug\hge project.tlog\cl.read.1.tlog
c:\users\robin\desktop\thecrashriders\hge project\hge project\hge project\debug\hge project.tlog\cl.write.1.tlog
c:\users\robin\desktop\thecrashriders\hge project\hge project\hge project\debug\hge project.tlog\link.command.1.tlog
c:\users\robin\desktop\thecrashriders\hge project\hge project\hge project\debug\hge project.tlog\link.read.1.tlog
c:\users\robin\desktop\thecrashriders\hge project\hge project\hge project\debug\hge project.tlog\link.write.1.tlog
