Build started 2016-06-11 14:32:33.
     1>Project "C:\Code\DICEProgrammingChallenge\HGE Project\HGE Project.vcxproj" on node 2 (Rebuild target(s)).
     1>ClCompile:
         C:\Program Files (x86)\Microsoft Visual Studio 12.0\VC\bin\CL.exe /c /I../ /ZI /nologo /W4 /WX- /sdl /Od /Oy- /D WIN32 /D _DEBUG /D _CONSOLE /D _LIB /D _UNICODE /D UNICODE /Gm /EHsc /RTC1 /MDd /GS /fp:precise /Zc:wchar_t /Zc:forScope /Yc"stdafx.h" /Fp"Debug\DebugEXE.pch" /Fo"Debug\\" /Fd"Debug\vc120.pdb" /Gd /TP /analyze- /errorReport:prompt stdafx.cpp
         stdafx.cpp
         C:\Program Files (x86)\Microsoft Visual Studio 12.0\VC\bin\CL.exe /c /I../ /ZI /nologo /W4 /WX- /sdl /Od /Oy- /D WIN32 /D _DEBUG /D _CONSOLE /D _LIB /D _UNICODE /D UNICODE /Gm /EHsc /RTC1 /MDd /GS /fp:precise /Zc:wchar_t /Zc:forScope /Fo"Debug\\" /Fd"Debug\vc120.pdb" /Gd /TP /analyze- /errorReport:prompt AudioSystem\AudioSystem.cpp GUI\Button.cpp GUI\GUIManager.cpp Renderer\FontRenderCommand.cpp Renderer\RenderCommand.cpp Renderer\Renderer.cpp Renderer\SpriteRenderCommand.cpp
         SpriteRenderCommand.cpp
         Renderer.cpp
         RenderCommand.cpp
         FontRenderCommand.cpp
         GUIManager.cpp
         Button.cpp
         AudioSystem.cpp
         Generating Code...
         C:\Program Files (x86)\Microsoft Visual Studio 12.0\VC\bin\CL.exe /c /I../ /ZI /nologo /W4 /WX- /sdl /Od /Oy- /D WIN32 /D _DEBUG /D _CONSOLE /D _LIB /D _UNICODE /D UNICODE /Gm /EHsc /RTC1 /MDd /GS /fp:precise /Zc:wchar_t /Zc:forScope /Yu"stdafx.h" /Fp"Debug\DebugEXE.pch" /Fo"Debug\\" /Fd"Debug\vc120.pdb" /Gd /TP /analyze- /errorReport:prompt AudioSystem\Sound.cpp AudioSystem\SoundBase.cpp AudioSystem\Stream.cpp Avatar.cpp Camera.cpp Game.cpp GameLoop.cpp GameObjectManager.cpp GameState.cpp GoalObject.cpp InputManager.cpp InputMouse.cpp Line.cpp Main.cpp MainMenu.cpp Megaton.cpp Renderer\RenderManager.cpp ResourceManager.cpp FloorTile.cpp TriggerSystem\TriggerManager.cpp
         TriggerManager.cpp
         FloorTile.cpp
         ResourceManager.cpp
         RenderManager.cpp
         Megaton.cpp
     1>c:\code\diceprogrammingchallenge\hge project\megaton.cpp(35): warning C4244: 'argument' : conversion from 'const int' to 'float', possible loss of data
         MainMenu.cpp
         Main.cpp
         Line.cpp
         InputMouse.cpp
         InputManager.cpp
         GoalObject.cpp
         GameState.cpp
         GameObjectManager.cpp
         GameLoop.cpp
         Game.cpp
     1>c:\code\diceprogrammingchallenge\hge project\game.cpp(31): warning C4244: 'argument' : conversion from 'time_t' to 'unsigned int', possible loss of data
     1>c:\code\diceprogrammingchallenge\hge project\game.cpp(60): warning C4244: 'argument' : conversion from 'int' to 'const short', possible loss of data
     1>c:\code\diceprogrammingchallenge\hge project\game.cpp(62): warning C4244: 'argument' : conversion from 'int' to 'const short', possible loss of data
     1>c:\code\diceprogrammingchallenge\hge project\game.cpp(95): warning C4100: 'aTrigger' : unreferenced formal parameter
     1>c:\code\diceprogrammingchallenge\hge project\game.cpp(95): warning C4100: 'aTriggerType' : unreferenced formal parameter
     1>c:\code\diceprogrammingchallenge\hge project\game.cpp(134): warning C4244: 'argument' : conversion from 'int' to 'const short', possible loss of data
     1>c:\code\diceprogrammingchallenge\hge project\game.cpp(165): warning C4244: 'argument' : conversion from 'int' to 'const short', possible loss of data
     1>c:\code\diceprogrammingchallenge\hge project\game.cpp(172): warning C4244: 'argument' : conversion from 'int' to 'const short', possible loss of data
     1>c:\code\diceprogrammingchallenge\hge project\game.cpp(207): warning C4244: 'argument' : conversion from 'int' to 'const short', possible loss of data
         Camera.cpp
         Avatar.cpp
     1>c:\code\diceprogrammingchallenge\hge project\avatar.cpp(34): warning C4244: 'initializing' : conversion from 'double' to 'float', possible loss of data
     1>c:\code\diceprogrammingchallenge\hge project\avatar.cpp(73): warning C4244: 'argument' : conversion from 'int' to 'const short', possible loss of data
     1>c:\code\diceprogrammingchallenge\hge project\avatar.cpp(135): warning C4244: 'initializing' : conversion from 'double' to 'float', possible loss of data
         Stream.cpp
         SoundBase.cpp
         Sound.cpp
         Generating Code...
       Link:
         C:\Program Files (x86)\Microsoft Visual Studio 12.0\VC\bin\link.exe /ERRORREPORT:PROMPT /OUT:"../WorkDir/DebugEXE.exe" /INCREMENTAL /NOLOGO hge.lib hgehelp.lib fmod_vc.lib kernel32.lib user32.lib gdi32.lib winspool.lib comdlg32.lib advapi32.lib shell32.lib ole32.lib oleaut32.lib uuid.lib odbc32.lib odbccp32.lib /NODEFAULTLIB:LIBC.lib /MANIFEST /MANIFESTUAC:"level='asInvoker' uiAccess='false'" /manifest:embed /DEBUG /PDB:"../WorkDir/DebugEXE.pdb" /SUBSYSTEM:WINDOWS /TLBID:1 /DYNAMICBASE /NXCOMPAT /IMPLIB:"../WorkDir/DebugEXE.lib" /MACHINE:X86 /SAFESEH:NO Debug\AudioSystem.obj
         Debug\Sound.obj
         Debug\SoundBase.obj
         Debug\Stream.obj
         Debug\Avatar.obj
         Debug\Camera.obj
         Debug\Game.obj
         Debug\GameLoop.obj
         Debug\GameObjectManager.obj
         Debug\GameState.obj
         Debug\GoalObject.obj
         Debug\Button.obj
         Debug\GUIManager.obj
         Debug\InputManager.obj
         Debug\InputMouse.obj
         Debug\Line.obj
         Debug\Main.obj
         Debug\MainMenu.obj
         Debug\Megaton.obj
         Debug\FontRenderCommand.obj
         Debug\RenderCommand.obj
         Debug\Renderer.obj
         Debug\RenderManager.obj
         Debug\SpriteRenderCommand.obj
         Debug\ResourceManager.obj
         Debug\FloorTile.obj
         Debug\stdafx.obj
         Debug\TriggerManager.obj
         C:\Code\DICEProgrammingChallenge\Debug\CommonUtilities.lib
         C:\Code\DICEProgrammingChallenge\Debug\NetworkEngine.lib
         HGE Project.vcxproj -> C:\Code\DICEProgrammingChallenge\HGE Project\../WorkDir/DebugEXE.exe
     1>Done Building Project "C:\Code\DICEProgrammingChallenge\HGE Project\HGE Project.vcxproj" (Rebuild target(s)).

Build succeeded.

Time Elapsed 00:00:17.59
